{"/Users/mill5935a/Documents/public-api/src/write-file.js": {"path":"/Users/mill5935a/Documents/public-api/src/write-file.js","statementMap":{"0":{"start":{"line":1,"column":0},"end":{"line":4,"column":1}},"1":{"start":{"line":2,"column":2},"end":{"line":2,"column":19}},"2":{"start":{"line":3,"column":2},"end":{"line":3,"column":26}}},"fnMap":{"0":{"name":"(anonymous_0)","decl":{"start":{"line":1,"column":17},"end":{"line":1,"column":18}},"loc":{"start":{"line":1,"column":33},"end":{"line":4,"column":1}},"line":1}},"branchMap":{},"s":{"0":0,"1":0,"2":0},"f":{"0":0},"b":{}}
,"/Users/mill5935a/Documents/public-api/src/output/files.js": {"path":"/Users/mill5935a/Documents/public-api/src/output/files.js","statementMap":{"0":{"start":{"line":1,"column":11},"end":{"line":1,"column":30}},"1":{"start":{"line":2,"column":39},"end":{"line":2,"column":60}},"2":{"start":{"line":3,"column":15},"end":{"line":3,"column":45}},"3":{"start":{"line":5,"column":0},"end":{"line":48,"column":1}},"4":{"start":{"line":6,"column":20},"end":{"line":24,"column":3}},"5":{"start":{"line":7,"column":4},"end":{"line":7,"column":44}},"6":{"start":{"line":8,"column":20},"end":{"line":8,"column":55}},"7":{"start":{"line":9,"column":27},"end":{"line":14,"column":6}},"8":{"start":{"line":10,"column":53},"end":{"line":13,"column":7}},"9":{"start":{"line":16,"column":4},"end":{"line":20,"column":5}},"10":{"start":{"line":22,"column":4},"end":{"line":22,"column":45}},"11":{"start":{"line":23,"column":4},"end":{"line":23,"column":77}},"12":{"start":{"line":26,"column":2},"end":{"line":29,"column":3}},"13":{"start":{"line":27,"column":4},"end":{"line":27,"column":50}},"14":{"start":{"line":28,"column":4},"end":{"line":28,"column":10}},"15":{"start":{"line":31,"column":2},"end":{"line":31,"column":30}},"16":{"start":{"line":33,"column":2},"end":{"line":47,"column":3}},"17":{"start":{"line":34,"column":4},"end":{"line":46,"column":6}},"18":{"start":{"line":35,"column":6},"end":{"line":37,"column":7}},"19":{"start":{"line":36,"column":8},"end":{"line":36,"column":14}},"20":{"start":{"line":39,"column":6},"end":{"line":45,"column":7}},"21":{"start":{"line":43,"column":10},"end":{"line":43,"column":31}}},"fnMap":{"0":{"name":"(anonymous_0)","decl":{"start":{"line":5,"column":17},"end":{"line":5,"column":18}},"loc":{"start":{"line":5,"column":72},"end":{"line":48,"column":1}},"line":5},"1":{"name":"(anonymous_1)","decl":{"start":{"line":6,"column":20},"end":{"line":6,"column":21}},"loc":{"start":{"line":6,"column":36},"end":{"line":24,"column":3}},"line":6},"2":{"name":"(anonymous_2)","decl":{"start":{"line":10,"column":42},"end":{"line":10,"column":43}},"loc":{"start":{"line":10,"column":53},"end":{"line":13,"column":7}},"line":10},"3":{"name":"(anonymous_3)","decl":{"start":{"line":34,"column":34},"end":{"line":34,"column":35}},"loc":{"start":{"line":34,"column":53},"end":{"line":46,"column":5}},"line":34},"4":{"name":"(anonymous_4)","decl":{"start":{"line":42,"column":8},"end":{"line":42,"column":9}},"loc":{"start":{"line":42,"column":24},"end":{"line":44,"column":9}},"line":42}},"branchMap":{"0":{"loc":{"start":{"line":8,"column":20},"end":{"line":8,"column":55}},"type":"cond-expr","locations":[{"start":{"line":8,"column":42},"end":{"line":8,"column":46}},{"start":{"line":8,"column":49},"end":{"line":8,"column":55}}],"line":8},"1":{"loc":{"start":{"line":26,"column":2},"end":{"line":29,"column":3}},"type":"if","locations":[{"start":{"line":26,"column":2},"end":{"line":29,"column":3}},{"start":{"line":26,"column":2},"end":{"line":29,"column":3}}],"line":26},"2":{"loc":{"start":{"line":33,"column":2},"end":{"line":47,"column":3}},"type":"if","locations":[{"start":{"line":33,"column":2},"end":{"line":47,"column":3}},{"start":{"line":33,"column":2},"end":{"line":47,"column":3}}],"line":33},"3":{"loc":{"start":{"line":35,"column":6},"end":{"line":37,"column":7}},"type":"if","locations":[{"start":{"line":35,"column":6},"end":{"line":37,"column":7}},{"start":{"line":35,"column":6},"end":{"line":37,"column":7}}],"line":35}},"s":{"0":0,"1":0,"2":0,"3":0,"4":0,"5":0,"6":0,"7":0,"8":0,"9":0,"10":0,"11":0,"12":0,"13":0,"14":0,"15":0,"16":0,"17":0,"18":0,"19":0,"20":0,"21":0},"f":{"0":0,"1":0,"2":0,"3":0,"4":0},"b":{"0":[0,0],"1":[0,0],"2":[0,0],"3":[0,0]}}
,"/Users/mill5935a/Documents/public-api/src/output/graphql.js": {"path":"/Users/mill5935a/Documents/public-api/src/output/graphql.js","statementMap":{"0":{"start":{"line":1,"column":27},"end":{"line":1,"column":53}},"1":{"start":{"line":3,"column":0},"end":{"line":28,"column":1}},"2":{"start":{"line":4,"column":16},"end":{"line":4,"column":18}},"3":{"start":{"line":5,"column":24},"end":{"line":20,"column":3}},"4":{"start":{"line":6,"column":19},"end":{"line":6,"column":21}},"5":{"start":{"line":8,"column":4},"end":{"line":8,"column":39}},"6":{"start":{"line":10,"column":4},"end":{"line":13,"column":6}},"7":{"start":{"line":11,"column":6},"end":{"line":11,"column":46}},"8":{"start":{"line":12,"column":6},"end":{"line":12,"column":59}},"9":{"start":{"line":15,"column":4},"end":{"line":18,"column":6}},"10":{"start":{"line":19,"column":4},"end":{"line":19,"column":21}},"11":{"start":{"line":22,"column":2},"end":{"line":27,"column":3}},"12":{"start":{"line":25,"column":6},"end":{"line":25,"column":29}}},"fnMap":{"0":{"name":"(anonymous_0)","decl":{"start":{"line":3,"column":17},"end":{"line":3,"column":18}},"loc":{"start":{"line":3,"column":29},"end":{"line":28,"column":1}},"line":3},"1":{"name":"(anonymous_1)","decl":{"start":{"line":5,"column":24},"end":{"line":5,"column":25}},"loc":{"start":{"line":5,"column":34},"end":{"line":20,"column":3}},"line":5},"2":{"name":"(anonymous_2)","decl":{"start":{"line":10,"column":34},"end":{"line":10,"column":35}},"loc":{"start":{"line":10,"column":45},"end":{"line":13,"column":5}},"line":10},"3":{"name":"(anonymous_3)","decl":{"start":{"line":24,"column":12},"end":{"line":24,"column":13}},"loc":{"start":{"line":24,"column":18},"end":{"line":26,"column":5}},"line":24}},"branchMap":{},"s":{"0":2,"1":2,"2":3,"3":3,"4":10,"5":10,"6":10,"7":89,"8":89,"9":10,"10":9,"11":3,"12":2},"f":{"0":3,"1":10,"2":89,"3":2},"b":{},"_coverageSchema":"1a1c01bbd47fc00a2c39e90264f33305004495a9","hash":"66030c3aaf7ade266a27963f02bcbbc6b0c83be5"}
,"/Users/mill5935a/Documents/public-api/src/output/openapi.js": {"path":"/Users/mill5935a/Documents/public-api/src/output/openapi.js","statementMap":{"0":{"start":{"line":1,"column":0},"end":{"line":80,"column":1}},"1":{"start":{"line":2,"column":28},"end":{"line":8,"column":3}},"2":{"start":{"line":10,"column":28},"end":{"line":38,"column":3}},"3":{"start":{"line":11,"column":20},"end":{"line":11,"column":22}},"4":{"start":{"line":12,"column":19},"end":{"line":19,"column":5}},"5":{"start":{"line":20,"column":4},"end":{"line":20,"column":40}},"6":{"start":{"line":21,"column":4},"end":{"line":21,"column":32}},"7":{"start":{"line":23,"column":4},"end":{"line":37,"column":5}},"8":{"start":{"line":40,"column":30},"end":{"line":54,"column":3}},"9":{"start":{"line":41,"column":19},"end":{"line":44,"column":5}},"10":{"start":{"line":45,"column":4},"end":{"line":52,"column":6}},"11":{"start":{"line":46,"column":6},"end":{"line":51,"column":7}},"12":{"start":{"line":53,"column":4},"end":{"line":53,"column":17}},"13":{"start":{"line":56,"column":20},"end":{"line":70,"column":3}},"14":{"start":{"line":57,"column":4},"end":{"line":59,"column":33}},"15":{"start":{"line":60,"column":4},"end":{"line":62,"column":5}},"16":{"start":{"line":63,"column":4},"end":{"line":69,"column":5}},"17":{"start":{"line":64,"column":6},"end":{"line":68,"column":8}},"18":{"start":{"line":65,"column":8},"end":{"line":67,"column":41}},"19":{"start":{"line":72,"column":2},"end":{"line":79,"column":3}},"20":{"start":{"line":77,"column":6},"end":{"line":77,"column":30}}},"fnMap":{"0":{"name":"(anonymous_0)","decl":{"start":{"line":1,"column":17},"end":{"line":1,"column":18}},"loc":{"start":{"line":1,"column":29},"end":{"line":80,"column":1}},"line":1},"1":{"name":"(anonymous_1)","decl":{"start":{"line":10,"column":28},"end":{"line":10,"column":29}},"loc":{"start":{"line":10,"column":40},"end":{"line":38,"column":3}},"line":10},"2":{"name":"(anonymous_2)","decl":{"start":{"line":40,"column":30},"end":{"line":40,"column":31}},"loc":{"start":{"line":40,"column":42},"end":{"line":54,"column":3}},"line":40},"3":{"name":"(anonymous_3)","decl":{"start":{"line":45,"column":36},"end":{"line":45,"column":37}},"loc":{"start":{"line":45,"column":47},"end":{"line":52,"column":5}},"line":45},"4":{"name":"(anonymous_4)","decl":{"start":{"line":56,"column":20},"end":{"line":56,"column":21}},"loc":{"start":{"line":56,"column":32},"end":{"line":70,"column":3}},"line":56},"5":{"name":"(anonymous_5)","decl":{"start":{"line":64,"column":36},"end":{"line":64,"column":37}},"loc":{"start":{"line":64,"column":52},"end":{"line":68,"column":7}},"line":64},"6":{"name":"(anonymous_6)","decl":{"start":{"line":76,"column":19},"end":{"line":76,"column":20}},"loc":{"start":{"line":76,"column":25},"end":{"line":78,"column":5}},"line":76}},"branchMap":{"0":{"loc":{"start":{"line":33,"column":20},"end":{"line":35,"column":40}},"type":"cond-expr","locations":[{"start":{"line":34,"column":12},"end":{"line":34,"column":66}},{"start":{"line":35,"column":12},"end":{"line":35,"column":40}}],"line":33},"1":{"loc":{"start":{"line":50,"column":17},"end":{"line":50,"column":51}},"type":"cond-expr","locations":[{"start":{"line":50,"column":33},"end":{"line":50,"column":46}},{"start":{"line":50,"column":49},"end":{"line":50,"column":51}}],"line":50},"2":{"loc":{"start":{"line":63,"column":4},"end":{"line":69,"column":5}},"type":"if","locations":[{"start":{"line":63,"column":4},"end":{"line":69,"column":5}},{"start":{"line":63,"column":4},"end":{"line":69,"column":5}}],"line":63}},"s":{"0":2,"1":6,"2":6,"3":19,"4":19,"5":19,"6":19,"7":19,"8":6,"9":10,"10":10,"11":91,"12":10,"13":6,"14":9,"15":9,"16":9,"17":5,"18":9,"19":6,"20":5},"f":{"0":6,"1":19,"2":10,"3":91,"4":9,"5":9,"6":5},"b":{"0":[5,14],"1":[44,47],"2":[5,4]},"_coverageSchema":"1a1c01bbd47fc00a2c39e90264f33305004495a9","hash":"a635438a075c0872e7894c99a440ab73f65e44ab"}
,"/Users/mill5935a/Documents/public-api/src/run/index.js": {"path":"/Users/mill5935a/Documents/public-api/src/run/index.js","statementMap":{"0":{"start":{"line":1,"column":16},"end":{"line":1,"column":44}},"1":{"start":{"line":2,"column":16},"end":{"line":2,"column":44}},"2":{"start":{"line":3,"column":15},"end":{"line":3,"column":38}},"3":{"start":{"line":5,"column":12},"end":{"line":5,"column":27}},"4":{"start":{"line":6,"column":12},"end":{"line":6,"column":27}},"5":{"start":{"line":7,"column":0},"end":{"line":16,"column":1}},"6":{"start":{"line":8,"column":2},"end":{"line":15,"column":4}},"7":{"start":{"line":9,"column":4},"end":{"line":14,"column":6}},"8":{"start":{"line":10,"column":6},"end":{"line":10,"column":28}},"9":{"start":{"line":11,"column":6},"end":{"line":11,"column":34}},"10":{"start":{"line":12,"column":6},"end":{"line":12,"column":38}},"11":{"start":{"line":13,"column":6},"end":{"line":13,"column":20}}},"fnMap":{"0":{"name":"(anonymous_0)","decl":{"start":{"line":7,"column":17},"end":{"line":7,"column":18}},"loc":{"start":{"line":7,"column":52},"end":{"line":16,"column":1}},"line":7},"1":{"name":"(anonymous_1)","decl":{"start":{"line":8,"column":28},"end":{"line":8,"column":29}},"loc":{"start":{"line":8,"column":42},"end":{"line":15,"column":3}},"line":8},"2":{"name":"(anonymous_2)","decl":{"start":{"line":9,"column":21},"end":{"line":9,"column":22}},"loc":{"start":{"line":9,"column":33},"end":{"line":14,"column":5}},"line":9}},"branchMap":{},"s":{"0":0,"1":0,"2":0,"3":0,"4":0,"5":0,"6":0,"7":0,"8":0,"9":0,"10":0,"11":0},"f":{"0":0,"1":0,"2":0},"b":{}}
,"/Users/mill5935a/Documents/public-api/src/sources/cdc-tests.js": {"path":"/Users/mill5935a/Documents/public-api/src/sources/cdc-tests.js","statementMap":{"0":{"start":{"line":1,"column":15},"end":{"line":1,"column":45}},"1":{"start":{"line":2,"column":18},"end":{"line":2,"column":52}},"2":{"start":{"line":3,"column":30},"end":{"line":3,"column":59}},"3":{"start":{"line":5,"column":0},"end":{"line":46,"column":1}},"4":{"start":{"line":6,"column":52},"end":{"line":6,"column":75}},"5":{"start":{"line":8,"column":17},"end":{"line":8,"column":47}},"6":{"start":{"line":10,"column":27},"end":{"line":18,"column":3}},"7":{"start":{"line":11,"column":4},"end":{"line":17,"column":27}},"8":{"start":{"line":14,"column":22},"end":{"line":14,"column":54}},"9":{"start":{"line":15,"column":8},"end":{"line":15,"column":30}},"10":{"start":{"line":17,"column":22},"end":{"line":17,"column":26}},"11":{"start":{"line":20,"column":21},"end":{"line":29,"column":3}},"12":{"start":{"line":21,"column":21},"end":{"line":21,"column":23}},"13":{"start":{"line":22,"column":4},"end":{"line":27,"column":6}},"14":{"start":{"line":23,"column":21},"end":{"line":23,"column":53}},"15":{"start":{"line":24,"column":6},"end":{"line":26,"column":7}},"16":{"start":{"line":25,"column":8},"end":{"line":25,"column":29}},"17":{"start":{"line":28,"column":4},"end":{"line":28,"column":19}},"18":{"start":{"line":31,"column":2},"end":{"line":45,"column":3}},"19":{"start":{"line":34,"column":6},"end":{"line":43,"column":8}},"20":{"start":{"line":35,"column":8},"end":{"line":35,"column":41}},"21":{"start":{"line":36,"column":8},"end":{"line":36,"column":52}},"22":{"start":{"line":37,"column":8},"end":{"line":42,"column":10}},"23":{"start":{"line":38,"column":10},"end":{"line":41,"column":12}}},"fnMap":{"0":{"name":"(anonymous_0)","decl":{"start":{"line":5,"column":17},"end":{"line":5,"column":18}},"loc":{"start":{"line":5,"column":29},"end":{"line":46,"column":1}},"line":5},"1":{"name":"(anonymous_1)","decl":{"start":{"line":10,"column":27},"end":{"line":10,"column":28}},"loc":{"start":{"line":10,"column":33},"end":{"line":18,"column":3}},"line":10},"2":{"name":"(anonymous_2)","decl":{"start":{"line":13,"column":12},"end":{"line":13,"column":13}},"loc":{"start":{"line":13,"column":18},"end":{"line":16,"column":7}},"line":13},"3":{"name":"(anonymous_3)","decl":{"start":{"line":17,"column":12},"end":{"line":17,"column":13}},"loc":{"start":{"line":17,"column":22},"end":{"line":17,"column":26}},"line":17},"4":{"name":"(anonymous_4)","decl":{"start":{"line":20,"column":21},"end":{"line":20,"column":22}},"loc":{"start":{"line":20,"column":31},"end":{"line":29,"column":3}},"line":20},"5":{"name":"(anonymous_5)","decl":{"start":{"line":22,"column":17},"end":{"line":22,"column":18}},"loc":{"start":{"line":22,"column":26},"end":{"line":27,"column":5}},"line":22},"6":{"name":"(anonymous_6)","decl":{"start":{"line":33,"column":11},"end":{"line":33,"column":12}},"loc":{"start":{"line":33,"column":17},"end":{"line":44,"column":5}},"line":33},"7":{"name":"(anonymous_7)","decl":{"start":{"line":34,"column":25},"end":{"line":34,"column":26}},"loc":{"start":{"line":34,"column":46},"end":{"line":43,"column":7}},"line":34},"8":{"name":"(anonymous_8)","decl":{"start":{"line":37,"column":32},"end":{"line":37,"column":33}},"loc":{"start":{"line":37,"column":46},"end":{"line":42,"column":9}},"line":37}},"branchMap":{"0":{"loc":{"start":{"line":24,"column":6},"end":{"line":26,"column":7}},"type":"if","locations":[{"start":{"line":24,"column":6},"end":{"line":26,"column":7}},{"start":{"line":24,"column":6},"end":{"line":26,"column":7}}],"line":24}},"s":{"0":1,"1":1,"2":1,"3":1,"4":2,"5":2,"6":2,"7":1,"8":1,"9":1,"10":1,"11":2,"12":3,"13":3,"14":3,"15":3,"16":2,"17":3,"18":2,"19":1,"20":1,"21":1,"22":1,"23":1},"f":{"0":2,"1":1,"2":1,"3":1,"4":3,"5":3,"6":1,"7":1,"8":1},"b":{"0":[2,1]},"_coverageSchema":"1a1c01bbd47fc00a2c39e90264f33305004495a9","hash":"845a31a18514c9f67cfaf3925a2ad83f3d5faa60"}
,"/Users/mill5935a/Documents/public-api/src/sources/index.js": {"path":"/Users/mill5935a/Documents/public-api/src/sources/index.js","statementMap":{"0":{"start":{"line":1,"column":15},"end":{"line":1,"column":38}},"1":{"start":{"line":3,"column":16},"end":{"line":11,"column":1}},"2":{"start":{"line":13,"column":0},"end":{"line":23,"column":1}},"3":{"start":{"line":14,"column":21},"end":{"line":14,"column":23}},"4":{"start":{"line":15,"column":2},"end":{"line":18,"column":3}},"5":{"start":{"line":16,"column":4},"end":{"line":16,"column":60}},"6":{"start":{"line":17,"column":4},"end":{"line":17,"column":21}},"7":{"start":{"line":19,"column":2},"end":{"line":21,"column":4}},"8":{"start":{"line":20,"column":4},"end":{"line":20,"column":50}},"9":{"start":{"line":22,"column":2},"end":{"line":22,"column":19}}},"fnMap":{"0":{"name":"(anonymous_0)","decl":{"start":{"line":13,"column":17},"end":{"line":13,"column":18}},"loc":{"start":{"line":13,"column":30},"end":{"line":23,"column":1}},"line":13},"1":{"name":"(anonymous_1)","decl":{"start":{"line":19,"column":31},"end":{"line":19,"column":32}},"loc":{"start":{"line":19,"column":41},"end":{"line":21,"column":3}},"line":19}},"branchMap":{"0":{"loc":{"start":{"line":15,"column":2},"end":{"line":18,"column":3}},"type":"if","locations":[{"start":{"line":15,"column":2},"end":{"line":18,"column":3}},{"start":{"line":15,"column":2},"end":{"line":18,"column":3}}],"line":15}},"s":{"0":0,"1":0,"2":0,"3":0,"4":0,"5":0,"6":0,"7":0,"8":0,"9":0},"f":{"0":0,"1":0},"b":{"0":[0,0]}}
,"/Users/mill5935a/Documents/public-api/src/sources/press.js": {"path":"/Users/mill5935a/Documents/public-api/src/sources/press.js","statementMap":{"0":{"start":{"line":1,"column":15},"end":{"line":1,"column":45}},"1":{"start":{"line":2,"column":18},"end":{"line":2,"column":52}},"2":{"start":{"line":3,"column":30},"end":{"line":3,"column":59}},"3":{"start":{"line":5,"column":0},"end":{"line":46,"column":1}},"4":{"start":{"line":6,"column":52},"end":{"line":6,"column":72}},"5":{"start":{"line":8,"column":17},"end":{"line":8,"column":47}},"6":{"start":{"line":10,"column":27},"end":{"line":18,"column":3}},"7":{"start":{"line":11,"column":4},"end":{"line":17,"column":27}},"8":{"start":{"line":14,"column":22},"end":{"line":14,"column":54}},"9":{"start":{"line":15,"column":8},"end":{"line":15,"column":30}},"10":{"start":{"line":17,"column":22},"end":{"line":17,"column":26}},"11":{"start":{"line":20,"column":21},"end":{"line":29,"column":3}},"12":{"start":{"line":21,"column":21},"end":{"line":21,"column":23}},"13":{"start":{"line":22,"column":4},"end":{"line":27,"column":6}},"14":{"start":{"line":23,"column":21},"end":{"line":23,"column":53}},"15":{"start":{"line":24,"column":6},"end":{"line":26,"column":7}},"16":{"start":{"line":25,"column":8},"end":{"line":25,"column":29}},"17":{"start":{"line":28,"column":4},"end":{"line":28,"column":19}},"18":{"start":{"line":31,"column":2},"end":{"line":45,"column":3}},"19":{"start":{"line":34,"column":6},"end":{"line":43,"column":8}},"20":{"start":{"line":35,"column":8},"end":{"line":35,"column":37}},"21":{"start":{"line":36,"column":8},"end":{"line":36,"column":52}},"22":{"start":{"line":37,"column":8},"end":{"line":42,"column":10}},"23":{"start":{"line":38,"column":10},"end":{"line":41,"column":12}}},"fnMap":{"0":{"name":"(anonymous_0)","decl":{"start":{"line":5,"column":17},"end":{"line":5,"column":18}},"loc":{"start":{"line":5,"column":29},"end":{"line":46,"column":1}},"line":5},"1":{"name":"(anonymous_1)","decl":{"start":{"line":10,"column":27},"end":{"line":10,"column":28}},"loc":{"start":{"line":10,"column":33},"end":{"line":18,"column":3}},"line":10},"2":{"name":"(anonymous_2)","decl":{"start":{"line":13,"column":12},"end":{"line":13,"column":13}},"loc":{"start":{"line":13,"column":18},"end":{"line":16,"column":7}},"line":13},"3":{"name":"(anonymous_3)","decl":{"start":{"line":17,"column":12},"end":{"line":17,"column":13}},"loc":{"start":{"line":17,"column":22},"end":{"line":17,"column":26}},"line":17},"4":{"name":"(anonymous_4)","decl":{"start":{"line":20,"column":21},"end":{"line":20,"column":22}},"loc":{"start":{"line":20,"column":31},"end":{"line":29,"column":3}},"line":20},"5":{"name":"(anonymous_5)","decl":{"start":{"line":22,"column":17},"end":{"line":22,"column":18}},"loc":{"start":{"line":22,"column":26},"end":{"line":27,"column":5}},"line":22},"6":{"name":"(anonymous_6)","decl":{"start":{"line":33,"column":11},"end":{"line":33,"column":12}},"loc":{"start":{"line":33,"column":17},"end":{"line":44,"column":5}},"line":33},"7":{"name":"(anonymous_7)","decl":{"start":{"line":34,"column":25},"end":{"line":34,"column":26}},"loc":{"start":{"line":34,"column":46},"end":{"line":43,"column":7}},"line":34},"8":{"name":"(anonymous_8)","decl":{"start":{"line":37,"column":32},"end":{"line":37,"column":33}},"loc":{"start":{"line":37,"column":46},"end":{"line":42,"column":9}},"line":37}},"branchMap":{"0":{"loc":{"start":{"line":24,"column":6},"end":{"line":26,"column":7}},"type":"if","locations":[{"start":{"line":24,"column":6},"end":{"line":26,"column":7}},{"start":{"line":24,"column":6},"end":{"line":26,"column":7}}],"line":24}},"s":{"0":1,"1":1,"2":1,"3":1,"4":2,"5":2,"6":2,"7":1,"8":1,"9":1,"10":1,"11":2,"12":3,"13":3,"14":3,"15":3,"16":2,"17":3,"18":2,"19":1,"20":1,"21":1,"22":1,"23":1},"f":{"0":2,"1":1,"2":1,"3":1,"4":3,"5":3,"6":1,"7":1,"8":1},"b":{"0":[2,1]},"_coverageSchema":"1a1c01bbd47fc00a2c39e90264f33305004495a9","hash":"31e93ca588913d0ab0c25f6d59d844e1d4c5640f"}
,"/Users/mill5935a/Documents/public-api/src/sources/screenshots.js": {"path":"/Users/mill5935a/Documents/public-api/src/sources/screenshots.js","statementMap":{"0":{"start":{"line":1,"column":15},"end":{"line":1,"column":45}},"1":{"start":{"line":2,"column":14},"end":{"line":2,"column":35}},"2":{"start":{"line":3,"column":15},"end":{"line":3,"column":41}},"3":{"start":{"line":4,"column":21},"end":{"line":4,"column":37}},"4":{"start":{"line":6,"column":0},"end":{"line":151,"column":1}},"5":{"start":{"line":7,"column":46},"end":{"line":7,"column":72}},"6":{"start":{"line":8,"column":22},"end":{"line":8,"column":24}},"7":{"start":{"line":10,"column":19},"end":{"line":18,"column":3}},"8":{"start":{"line":11,"column":4},"end":{"line":17,"column":6}},"9":{"start":{"line":12,"column":6},"end":{"line":16,"column":7}},"10":{"start":{"line":13,"column":8},"end":{"line":13,"column":44}},"11":{"start":{"line":15,"column":8},"end":{"line":15,"column":19}},"12":{"start":{"line":20,"column":23},"end":{"line":28,"column":3}},"13":{"start":{"line":21,"column":4},"end":{"line":26,"column":5}},"14":{"start":{"line":25,"column":6},"end":{"line":25,"column":18}},"15":{"start":{"line":27,"column":4},"end":{"line":27,"column":75}},"16":{"start":{"line":30,"column":31},"end":{"line":40,"column":3}},"17":{"start":{"line":31,"column":17},"end":{"line":31,"column":32}},"18":{"start":{"line":32,"column":16},"end":{"line":32,"column":31}},"19":{"start":{"line":33,"column":4},"end":{"line":36,"column":5}},"20":{"start":{"line":34,"column":6},"end":{"line":34,"column":55}},"21":{"start":{"line":35,"column":6},"end":{"line":35,"column":18}},"22":{"start":{"line":37,"column":17},"end":{"line":37,"column":66}},"23":{"start":{"line":39,"column":4},"end":{"line":39,"column":15}},"24":{"start":{"line":42,"column":32},"end":{"line":49,"column":3}},"25":{"start":{"line":43,"column":18},"end":{"line":43,"column":35}},"26":{"start":{"line":44,"column":4},"end":{"line":47,"column":5}},"27":{"start":{"line":45,"column":6},"end":{"line":45,"column":68}},"28":{"start":{"line":46,"column":6},"end":{"line":46,"column":18}},"29":{"start":{"line":48,"column":4},"end":{"line":48,"column":16}},"30":{"start":{"line":51,"column":32},"end":{"line":63,"column":3}},"31":{"start":{"line":52,"column":4},"end":{"line":55,"column":5}},"32":{"start":{"line":53,"column":6},"end":{"line":53,"column":62}},"33":{"start":{"line":54,"column":6},"end":{"line":54,"column":18}},"34":{"start":{"line":56,"column":4},"end":{"line":61,"column":5}},"35":{"start":{"line":57,"column":6},"end":{"line":59,"column":7}},"36":{"start":{"line":60,"column":6},"end":{"line":60,"column":18}},"37":{"start":{"line":62,"column":4},"end":{"line":62,"column":15}},"38":{"start":{"line":65,"column":27},"end":{"line":86,"column":3}},"39":{"start":{"line":66,"column":16},"end":{"line":66,"column":41}},"40":{"start":{"line":67,"column":21},"end":{"line":67,"column":30}},"41":{"start":{"line":68,"column":22},"end":{"line":68,"column":60}},"42":{"start":{"line":69,"column":24},"end":{"line":69,"column":52}},"43":{"start":{"line":70,"column":4},"end":{"line":72,"column":5}},"44":{"start":{"line":71,"column":6},"end":{"line":71,"column":18}},"45":{"start":{"line":73,"column":17},"end":{"line":73,"column":48}},"46":{"start":{"line":74,"column":19},"end":{"line":81,"column":5}},"47":{"start":{"line":82,"column":4},"end":{"line":84,"column":5}},"48":{"start":{"line":83,"column":6},"end":{"line":83,"column":18}},"49":{"start":{"line":85,"column":4},"end":{"line":85,"column":17}},"50":{"start":{"line":88,"column":24},"end":{"line":98,"column":3}},"51":{"start":{"line":89,"column":4},"end":{"line":91,"column":5}},"52":{"start":{"line":90,"column":6},"end":{"line":90,"column":18}},"53":{"start":{"line":92,"column":32},"end":{"line":92,"column":60}},"54":{"start":{"line":93,"column":4},"end":{"line":96,"column":5}},"55":{"start":{"line":94,"column":6},"end":{"line":94,"column":43}},"56":{"start":{"line":95,"column":6},"end":{"line":95,"column":32}},"57":{"start":{"line":97,"column":4},"end":{"line":97,"column":16}},"58":{"start":{"line":100,"column":25},"end":{"line":123,"column":3}},"59":{"start":{"line":101,"column":16},"end":{"line":103,"column":6}},"60":{"start":{"line":104,"column":4},"end":{"line":104,"column":35}},"61":{"start":{"line":105,"column":4},"end":{"line":122,"column":8}},"62":{"start":{"line":106,"column":26},"end":{"line":106,"column":41}},"63":{"start":{"line":107,"column":22},"end":{"line":107,"column":36}},"64":{"start":{"line":109,"column":8},"end":{"line":111,"column":9}},"65":{"start":{"line":110,"column":10},"end":{"line":110,"column":28}},"66":{"start":{"line":112,"column":8},"end":{"line":114,"column":10}},"67":{"start":{"line":113,"column":10},"end":{"line":113,"column":35}},"68":{"start":{"line":115,"column":8},"end":{"line":120,"column":9}},"69":{"start":{"line":116,"column":10},"end":{"line":119,"column":11}},"70":{"start":{"line":121,"column":8},"end":{"line":121,"column":26}},"71":{"start":{"line":125,"column":2},"end":{"line":150,"column":3}},"72":{"start":{"line":135,"column":6},"end":{"line":135,"column":24}},"73":{"start":{"line":139,"column":6},"end":{"line":148,"column":8}},"74":{"start":{"line":140,"column":8},"end":{"line":140,"column":43}},"75":{"start":{"line":141,"column":8},"end":{"line":147,"column":10}},"76":{"start":{"line":142,"column":10},"end":{"line":142,"column":59}},"77":{"start":{"line":143,"column":10},"end":{"line":146,"column":12}}},"fnMap":{"0":{"name":"(anonymous_0)","decl":{"start":{"line":6,"column":17},"end":{"line":6,"column":18}},"loc":{"start":{"line":6,"column":29},"end":{"line":151,"column":1}},"line":6},"1":{"name":"(anonymous_1)","decl":{"start":{"line":10,"column":19},"end":{"line":10,"column":20}},"loc":{"start":{"line":10,"column":32},"end":{"line":18,"column":3}},"line":10},"2":{"name":"(anonymous_2)","decl":{"start":{"line":11,"column":23},"end":{"line":11,"column":24}},"loc":{"start":{"line":11,"column":44},"end":{"line":17,"column":5}},"line":11},"3":{"name":"(anonymous_3)","decl":{"start":{"line":20,"column":23},"end":{"line":20,"column":24}},"loc":{"start":{"line":20,"column":39},"end":{"line":28,"column":3}},"line":20},"4":{"name":"(anonymous_4)","decl":{"start":{"line":30,"column":31},"end":{"line":30,"column":32}},"loc":{"start":{"line":30,"column":54},"end":{"line":40,"column":3}},"line":30},"5":{"name":"(anonymous_5)","decl":{"start":{"line":42,"column":32},"end":{"line":42,"column":33}},"loc":{"start":{"line":42,"column":47},"end":{"line":49,"column":3}},"line":42},"6":{"name":"(anonymous_6)","decl":{"start":{"line":51,"column":32},"end":{"line":51,"column":33}},"loc":{"start":{"line":51,"column":47},"end":{"line":63,"column":3}},"line":51},"7":{"name":"(anonymous_7)","decl":{"start":{"line":65,"column":27},"end":{"line":65,"column":28}},"loc":{"start":{"line":65,"column":43},"end":{"line":86,"column":3}},"line":65},"8":{"name":"(anonymous_8)","decl":{"start":{"line":88,"column":24},"end":{"line":88,"column":25}},"loc":{"start":{"line":88,"column":40},"end":{"line":98,"column":3}},"line":88},"9":{"name":"(anonymous_9)","decl":{"start":{"line":100,"column":25},"end":{"line":100,"column":26}},"loc":{"start":{"line":100,"column":59},"end":{"line":123,"column":3}},"line":100},"10":{"name":"(anonymous_10)","decl":{"start":{"line":106,"column":12},"end":{"line":106,"column":13}},"loc":{"start":{"line":106,"column":26},"end":{"line":106,"column":41}},"line":106},"11":{"name":"(anonymous_11)","decl":{"start":{"line":107,"column":12},"end":{"line":107,"column":13}},"loc":{"start":{"line":107,"column":22},"end":{"line":107,"column":36}},"line":107},"12":{"name":"(anonymous_12)","decl":{"start":{"line":108,"column":12},"end":{"line":108,"column":13}},"loc":{"start":{"line":108,"column":38},"end":{"line":122,"column":7}},"line":108},"13":{"name":"(anonymous_13)","decl":{"start":{"line":112,"column":42},"end":{"line":112,"column":43}},"loc":{"start":{"line":112,"column":58},"end":{"line":114,"column":9}},"line":112},"14":{"name":"(anonymous_14)","decl":{"start":{"line":134,"column":20},"end":{"line":134,"column":21}},"loc":{"start":{"line":134,"column":26},"end":{"line":136,"column":5}},"line":134},"15":{"name":"(anonymous_15)","decl":{"start":{"line":138,"column":11},"end":{"line":138,"column":12}},"loc":{"start":{"line":138,"column":17},"end":{"line":149,"column":5}},"line":138},"16":{"name":"(anonymous_16)","decl":{"start":{"line":139,"column":25},"end":{"line":139,"column":26}},"loc":{"start":{"line":139,"column":46},"end":{"line":148,"column":7}},"line":139},"17":{"name":"(anonymous_17)","decl":{"start":{"line":141,"column":42},"end":{"line":141,"column":43}},"loc":{"start":{"line":141,"column":52},"end":{"line":147,"column":9}},"line":141}},"branchMap":{"0":{"loc":{"start":{"line":21,"column":4},"end":{"line":26,"column":5}},"type":"if","locations":[{"start":{"line":21,"column":4},"end":{"line":26,"column":5}},{"start":{"line":21,"column":4},"end":{"line":26,"column":5}}],"line":21},"1":{"loc":{"start":{"line":22,"column":6},"end":{"line":23,"column":43}},"type":"binary-expr","locations":[{"start":{"line":22,"column":6},"end":{"line":22,"column":44}},{"start":{"line":23,"column":6},"end":{"line":23,"column":43}}],"line":22},"2":{"loc":{"start":{"line":27,"column":11},"end":{"line":27,"column":75}},"type":"binary-expr","locations":[{"start":{"line":27,"column":11},"end":{"line":27,"column":30}},{"start":{"line":27,"column":34},"end":{"line":27,"column":75}}],"line":27},"3":{"loc":{"start":{"line":33,"column":4},"end":{"line":36,"column":5}},"type":"if","locations":[{"start":{"line":33,"column":4},"end":{"line":36,"column":5}},{"start":{"line":33,"column":4},"end":{"line":36,"column":5}}],"line":33},"4":{"loc":{"start":{"line":33,"column":8},"end":{"line":33,"column":33}},"type":"binary-expr","locations":[{"start":{"line":33,"column":8},"end":{"line":33,"column":19}},{"start":{"line":33,"column":23},"end":{"line":33,"column":33}}],"line":33},"5":{"loc":{"start":{"line":44,"column":4},"end":{"line":47,"column":5}},"type":"if","locations":[{"start":{"line":44,"column":4},"end":{"line":47,"column":5}},{"start":{"line":44,"column":4},"end":{"line":47,"column":5}}],"line":44},"6":{"loc":{"start":{"line":52,"column":4},"end":{"line":55,"column":5}},"type":"if","locations":[{"start":{"line":52,"column":4},"end":{"line":55,"column":5}},{"start":{"line":52,"column":4},"end":{"line":55,"column":5}}],"line":52},"7":{"loc":{"start":{"line":52,"column":8},"end":{"line":52,"column":52}},"type":"binary-expr","locations":[{"start":{"line":52,"column":8},"end":{"line":52,"column":28}},{"start":{"line":52,"column":32},"end":{"line":52,"column":52}}],"line":52},"8":{"loc":{"start":{"line":56,"column":4},"end":{"line":61,"column":5}},"type":"if","locations":[{"start":{"line":56,"column":4},"end":{"line":61,"column":5}},{"start":{"line":56,"column":4},"end":{"line":61,"column":5}}],"line":56},"9":{"loc":{"start":{"line":56,"column":8},"end":{"line":56,"column":62}},"type":"binary-expr","locations":[{"start":{"line":56,"column":8},"end":{"line":56,"column":30}},{"start":{"line":56,"column":34},"end":{"line":56,"column":62}}],"line":56},"10":{"loc":{"start":{"line":70,"column":4},"end":{"line":72,"column":5}},"type":"if","locations":[{"start":{"line":70,"column":4},"end":{"line":72,"column":5}},{"start":{"line":70,"column":4},"end":{"line":72,"column":5}}],"line":70},"11":{"loc":{"start":{"line":82,"column":4},"end":{"line":84,"column":5}},"type":"if","locations":[{"start":{"line":82,"column":4},"end":{"line":84,"column":5}},{"start":{"line":82,"column":4},"end":{"line":84,"column":5}}],"line":82},"12":{"loc":{"start":{"line":82,"column":8},"end":{"line":82,"column":60}},"type":"binary-expr","locations":[{"start":{"line":82,"column":8},"end":{"line":82,"column":21}},{"start":{"line":82,"column":25},"end":{"line":82,"column":44}},{"start":{"line":82,"column":48},"end":{"line":82,"column":60}}],"line":82},"13":{"loc":{"start":{"line":89,"column":4},"end":{"line":91,"column":5}},"type":"if","locations":[{"start":{"line":89,"column":4},"end":{"line":91,"column":5}},{"start":{"line":89,"column":4},"end":{"line":91,"column":5}}],"line":89},"14":{"loc":{"start":{"line":93,"column":4},"end":{"line":96,"column":5}},"type":"if","locations":[{"start":{"line":93,"column":4},"end":{"line":96,"column":5}},{"start":{"line":93,"column":4},"end":{"line":96,"column":5}}],"line":93},"15":{"loc":{"start":{"line":100,"column":40},"end":{"line":100,"column":54}},"type":"default-arg","locations":[{"start":{"line":100,"column":49},"end":{"line":100,"column":54}}],"line":100},"16":{"loc":{"start":{"line":102,"column":6},"end":{"line":102,"column":39}},"type":"cond-expr","locations":[{"start":{"line":102,"column":15},"end":{"line":102,"column":34}},{"start":{"line":102,"column":37},"end":{"line":102,"column":39}}],"line":102},"17":{"loc":{"start":{"line":109,"column":8},"end":{"line":111,"column":9}},"type":"if","locations":[{"start":{"line":109,"column":8},"end":{"line":111,"column":9}},{"start":{"line":109,"column":8},"end":{"line":111,"column":9}}],"line":109},"18":{"loc":{"start":{"line":115,"column":8},"end":{"line":120,"column":9}},"type":"if","locations":[{"start":{"line":115,"column":8},"end":{"line":120,"column":9}},{"start":{"line":115,"column":8},"end":{"line":120,"column":9}}],"line":115}},"s":{"0":1,"1":1,"2":1,"3":1,"4":1,"5":7,"6":7,"7":7,"8":3,"9":3,"10":3,"11":0,"12":7,"13":2005,"14":2,"15":2003,"16":7,"17":2007,"18":2007,"19":2007,"20":1,"21":1,"22":2006,"23":2006,"24":7,"25":2006,"26":2006,"27":1,"28":1,"29":2005,"30":7,"31":2004,"32":0,"33":0,"34":2004,"35":1,"36":1,"37":2003,"38":7,"39":2004,"40":2004,"41":2004,"42":2004,"43":2004,"44":1,"45":2003,"46":2003,"47":2003,"48":0,"49":2003,"50":7,"51":2002,"52":3,"53":1999,"54":1999,"55":1999,"56":1999,"57":0,"58":7,"59":2,"60":2,"61":2,"62":2,"63":2,"64":2,"65":0,"66":2,"67":2000,"68":2,"69":1,"70":1,"71":7,"72":2,"73":1,"74":1,"75":1,"76":1,"77":1},"f":{"0":7,"1":3,"2":3,"3":2005,"4":2007,"5":2006,"6":2004,"7":2004,"8":2002,"9":2,"10":2,"11":2,"12":2,"13":2000,"14":2,"15":1,"16":1,"17":1},"b":{"0":[2,2003],"1":[2005,2003],"2":[2003,2001],"3":[1,2006],"4":[2007,2006],"5":[1,2005],"6":[0,2004],"7":[2004,2004],"8":[1,2003],"9":[2004,621],"10":[1,2003],"11":[0,2003],"12":[2003,2003,2003],"13":[3,1999],"14":[1999,0],"15":[1],"16":[1,1],"17":[0,2],"18":[1,1]},"_coverageSchema":"1a1c01bbd47fc00a2c39e90264f33305004495a9","hash":"66aba22a98055684141ebb3016faf05119d06fc6"}
,"/Users/mill5935a/Documents/public-api/src/sources/states-info.js": {"path":"/Users/mill5935a/Documents/public-api/src/sources/states-info.js","statementMap":{"0":{"start":{"line":1,"column":15},"end":{"line":1,"column":45}},"1":{"start":{"line":2,"column":14},"end":{"line":2,"column":35}},"2":{"start":{"line":3,"column":18},"end":{"line":3,"column":52}},"3":{"start":{"line":4,"column":13},"end":{"line":4,"column":35}},"4":{"start":{"line":6,"column":0},"end":{"line":51,"column":1}},"5":{"start":{"line":7,"column":41},"end":{"line":7,"column":66}},"6":{"start":{"line":9,"column":18},"end":{"line":11,"column":3}},"7":{"start":{"line":10,"column":4},"end":{"line":10,"column":58}},"8":{"start":{"line":10,"column":44},"end":{"line":10,"column":57}},"9":{"start":{"line":13,"column":21},"end":{"line":22,"column":3}},"10":{"start":{"line":14,"column":20},"end":{"line":14,"column":22}},"11":{"start":{"line":15,"column":4},"end":{"line":20,"column":6}},"12":{"start":{"line":16,"column":21},"end":{"line":16,"column":53}},"13":{"start":{"line":17,"column":6},"end":{"line":19,"column":7}},"14":{"start":{"line":18,"column":8},"end":{"line":18,"column":28}},"15":{"start":{"line":21,"column":4},"end":{"line":21,"column":18}},"16":{"start":{"line":24,"column":31},"end":{"line":31,"column":3}},"17":{"start":{"line":25,"column":4},"end":{"line":30,"column":6}},"18":{"start":{"line":26,"column":6},"end":{"line":29,"column":7}},"19":{"start":{"line":33,"column":2},"end":{"line":50,"column":3}},"20":{"start":{"line":37,"column":6},"end":{"line":48,"column":8}},"21":{"start":{"line":38,"column":8},"end":{"line":38,"column":60}},"22":{"start":{"line":39,"column":8},"end":{"line":47,"column":10}},"23":{"start":{"line":40,"column":10},"end":{"line":46,"column":12}}},"fnMap":{"0":{"name":"(anonymous_0)","decl":{"start":{"line":6,"column":17},"end":{"line":6,"column":18}},"loc":{"start":{"line":6,"column":29},"end":{"line":51,"column":1}},"line":6},"1":{"name":"(anonymous_1)","decl":{"start":{"line":9,"column":18},"end":{"line":9,"column":19}},"loc":{"start":{"line":9,"column":24},"end":{"line":11,"column":3}},"line":9},"2":{"name":"(anonymous_2)","decl":{"start":{"line":10,"column":32},"end":{"line":10,"column":33}},"loc":{"start":{"line":10,"column":44},"end":{"line":10,"column":57}},"line":10},"3":{"name":"(anonymous_3)","decl":{"start":{"line":13,"column":21},"end":{"line":13,"column":22}},"loc":{"start":{"line":13,"column":31},"end":{"line":22,"column":3}},"line":13},"4":{"name":"(anonymous_4)","decl":{"start":{"line":15,"column":17},"end":{"line":15,"column":18}},"loc":{"start":{"line":15,"column":26},"end":{"line":20,"column":5}},"line":15},"5":{"name":"(anonymous_5)","decl":{"start":{"line":24,"column":31},"end":{"line":24,"column":32}},"loc":{"start":{"line":24,"column":64},"end":{"line":31,"column":3}},"line":24},"6":{"name":"(anonymous_6)","decl":{"start":{"line":25,"column":17},"end":{"line":25,"column":18}},"loc":{"start":{"line":25,"column":26},"end":{"line":30,"column":5}},"line":25},"7":{"name":"(anonymous_7)","decl":{"start":{"line":36,"column":11},"end":{"line":36,"column":12}},"loc":{"start":{"line":36,"column":17},"end":{"line":49,"column":5}},"line":36},"8":{"name":"(anonymous_8)","decl":{"start":{"line":37,"column":25},"end":{"line":37,"column":26}},"loc":{"start":{"line":37,"column":38},"end":{"line":48,"column":7}},"line":37},"9":{"name":"(anonymous_9)","decl":{"start":{"line":39,"column":23},"end":{"line":39,"column":24}},"loc":{"start":{"line":39,"column":33},"end":{"line":47,"column":9}},"line":39}},"branchMap":{"0":{"loc":{"start":{"line":17,"column":6},"end":{"line":19,"column":7}},"type":"if","locations":[{"start":{"line":17,"column":6},"end":{"line":19,"column":7}},{"start":{"line":17,"column":6},"end":{"line":19,"column":7}}],"line":17}},"s":{"0":1,"1":1,"2":1,"3":1,"4":1,"5":2,"6":2,"7":1,"8":1,"9":2,"10":2,"11":2,"12":5,"13":5,"14":3,"15":2,"16":2,"17":0,"18":0,"19":2,"20":0,"21":0,"22":0,"23":0},"f":{"0":2,"1":1,"2":1,"3":2,"4":5,"5":0,"6":0,"7":0,"8":0,"9":0},"b":{"0":[3,2]},"_coverageSchema":"1a1c01bbd47fc00a2c39e90264f33305004495a9","hash":"fea5f0b87f54ec28c5f649f79aa1a89a173d2fc4"}
,"/Users/mill5935a/Documents/public-api/src/sources/states.js": {"path":"/Users/mill5935a/Documents/public-api/src/sources/states.js","statementMap":{"0":{"start":{"line":1,"column":15},"end":{"line":1,"column":45}},"1":{"start":{"line":2,"column":14},"end":{"line":2,"column":35}},"2":{"start":{"line":3,"column":18},"end":{"line":3,"column":52}},"3":{"start":{"line":4,"column":13},"end":{"line":4,"column":35}},"4":{"start":{"line":6,"column":0},"end":{"line":107,"column":1}},"5":{"start":{"line":7,"column":41},"end":{"line":7,"column":62}},"6":{"start":{"line":9,"column":18},"end":{"line":11,"column":3}},"7":{"start":{"line":10,"column":4},"end":{"line":10,"column":58}},"8":{"start":{"line":10,"column":44},"end":{"line":10,"column":57}},"9":{"start":{"line":13,"column":21},"end":{"line":24,"column":3}},"10":{"start":{"line":14,"column":20},"end":{"line":14,"column":22}},"11":{"start":{"line":15,"column":4},"end":{"line":22,"column":6}},"12":{"start":{"line":16,"column":21},"end":{"line":16,"column":53}},"13":{"start":{"line":17,"column":6},"end":{"line":21,"column":7}},"14":{"start":{"line":18,"column":8},"end":{"line":18,"column":26}},"15":{"start":{"line":19,"column":8},"end":{"line":19,"column":34}},"16":{"start":{"line":20,"column":8},"end":{"line":20,"column":28}},"17":{"start":{"line":23,"column":4},"end":{"line":23,"column":18}},"18":{"start":{"line":26,"column":24},"end":{"line":37,"column":3}},"19":{"start":{"line":27,"column":19},"end":{"line":27,"column":21}},"20":{"start":{"line":28,"column":4},"end":{"line":35,"column":6}},"21":{"start":{"line":29,"column":6},"end":{"line":34,"column":7}},"22":{"start":{"line":33,"column":8},"end":{"line":33,"column":35}},"23":{"start":{"line":36,"column":4},"end":{"line":36,"column":53}},"24":{"start":{"line":39,"column":34},"end":{"line":55,"column":3}},"25":{"start":{"line":40,"column":19},"end":{"line":40,"column":21}},"26":{"start":{"line":41,"column":4},"end":{"line":48,"column":6}},"27":{"start":{"line":42,"column":6},"end":{"line":47,"column":7}},"28":{"start":{"line":46,"column":8},"end":{"line":46,"column":35}},"29":{"start":{"line":49,"column":4},"end":{"line":54,"column":6}},"30":{"start":{"line":50,"column":6},"end":{"line":53,"column":7}},"31":{"start":{"line":57,"column":32},"end":{"line":71,"column":3}},"32":{"start":{"line":58,"column":19},"end":{"line":58,"column":21}},"33":{"start":{"line":59,"column":4},"end":{"line":64,"column":6}},"34":{"start":{"line":60,"column":6},"end":{"line":62,"column":7}},"35":{"start":{"line":61,"column":8},"end":{"line":61,"column":30}},"36":{"start":{"line":63,"column":6},"end":{"line":63,"column":33}},"37":{"start":{"line":65,"column":4},"end":{"line":70,"column":6}},"38":{"start":{"line":66,"column":6},"end":{"line":69,"column":7}},"39":{"start":{"line":73,"column":33},"end":{"line":83,"column":3}},"40":{"start":{"line":74,"column":19},"end":{"line":74,"column":21}},"41":{"start":{"line":75,"column":4},"end":{"line":82,"column":6}},"42":{"start":{"line":76,"column":6},"end":{"line":81,"column":7}},"43":{"start":{"line":85,"column":2},"end":{"line":106,"column":3}},"44":{"start":{"line":90,"column":6},"end":{"line":104,"column":8}},"45":{"start":{"line":91,"column":8},"end":{"line":91,"column":62}},"46":{"start":{"line":92,"column":8},"end":{"line":103,"column":10}},"47":{"start":{"line":93,"column":10},"end":{"line":102,"column":12}}},"fnMap":{"0":{"name":"(anonymous_0)","decl":{"start":{"line":6,"column":17},"end":{"line":6,"column":18}},"loc":{"start":{"line":6,"column":29},"end":{"line":107,"column":1}},"line":6},"1":{"name":"(anonymous_1)","decl":{"start":{"line":9,"column":18},"end":{"line":9,"column":19}},"loc":{"start":{"line":9,"column":24},"end":{"line":11,"column":3}},"line":9},"2":{"name":"(anonymous_2)","decl":{"start":{"line":10,"column":32},"end":{"line":10,"column":33}},"loc":{"start":{"line":10,"column":44},"end":{"line":10,"column":57}},"line":10},"3":{"name":"(anonymous_3)","decl":{"start":{"line":13,"column":21},"end":{"line":13,"column":22}},"loc":{"start":{"line":13,"column":31},"end":{"line":24,"column":3}},"line":13},"4":{"name":"(anonymous_4)","decl":{"start":{"line":15,"column":17},"end":{"line":15,"column":18}},"loc":{"start":{"line":15,"column":26},"end":{"line":22,"column":5}},"line":15},"5":{"name":"(anonymous_5)","decl":{"start":{"line":26,"column":24},"end":{"line":26,"column":25}},"loc":{"start":{"line":26,"column":57},"end":{"line":37,"column":3}},"line":26},"6":{"name":"(anonymous_6)","decl":{"start":{"line":28,"column":17},"end":{"line":28,"column":18}},"loc":{"start":{"line":28,"column":28},"end":{"line":35,"column":5}},"line":28},"7":{"name":"(anonymous_7)","decl":{"start":{"line":39,"column":34},"end":{"line":39,"column":35}},"loc":{"start":{"line":39,"column":67},"end":{"line":55,"column":3}},"line":39},"8":{"name":"(anonymous_8)","decl":{"start":{"line":41,"column":17},"end":{"line":41,"column":18}},"loc":{"start":{"line":41,"column":28},"end":{"line":48,"column":5}},"line":41},"9":{"name":"(anonymous_9)","decl":{"start":{"line":49,"column":32},"end":{"line":49,"column":33}},"loc":{"start":{"line":49,"column":43},"end":{"line":54,"column":5}},"line":49},"10":{"name":"(anonymous_10)","decl":{"start":{"line":57,"column":32},"end":{"line":57,"column":33}},"loc":{"start":{"line":57,"column":65},"end":{"line":71,"column":3}},"line":57},"11":{"name":"(anonymous_11)","decl":{"start":{"line":59,"column":17},"end":{"line":59,"column":18}},"loc":{"start":{"line":59,"column":26},"end":{"line":64,"column":5}},"line":59},"12":{"name":"(anonymous_12)","decl":{"start":{"line":65,"column":32},"end":{"line":65,"column":33}},"loc":{"start":{"line":65,"column":43},"end":{"line":70,"column":5}},"line":65},"13":{"name":"(anonymous_13)","decl":{"start":{"line":73,"column":33},"end":{"line":73,"column":34}},"loc":{"start":{"line":73,"column":66},"end":{"line":83,"column":3}},"line":73},"14":{"name":"(anonymous_14)","decl":{"start":{"line":75,"column":17},"end":{"line":75,"column":18}},"loc":{"start":{"line":75,"column":26},"end":{"line":82,"column":5}},"line":75},"15":{"name":"(anonymous_15)","decl":{"start":{"line":89,"column":11},"end":{"line":89,"column":12}},"loc":{"start":{"line":89,"column":17},"end":{"line":105,"column":5}},"line":89},"16":{"name":"(anonymous_16)","decl":{"start":{"line":90,"column":25},"end":{"line":90,"column":26}},"loc":{"start":{"line":90,"column":38},"end":{"line":104,"column":7}},"line":90},"17":{"name":"(anonymous_17)","decl":{"start":{"line":92,"column":23},"end":{"line":92,"column":24}},"loc":{"start":{"line":92,"column":33},"end":{"line":103,"column":9}},"line":92}},"branchMap":{"0":{"loc":{"start":{"line":17,"column":6},"end":{"line":21,"column":7}},"type":"if","locations":[{"start":{"line":17,"column":6},"end":{"line":21,"column":7}},{"start":{"line":17,"column":6},"end":{"line":21,"column":7}}],"line":17},"1":{"loc":{"start":{"line":29,"column":6},"end":{"line":34,"column":7}},"type":"if","locations":[{"start":{"line":29,"column":6},"end":{"line":34,"column":7}},{"start":{"line":29,"column":6},"end":{"line":34,"column":7}}],"line":29},"2":{"loc":{"start":{"line":30,"column":8},"end":{"line":31,"column":45}},"type":"binary-expr","locations":[{"start":{"line":30,"column":8},"end":{"line":30,"column":50}},{"start":{"line":31,"column":8},"end":{"line":31,"column":45}}],"line":30},"3":{"loc":{"start":{"line":42,"column":6},"end":{"line":47,"column":7}},"type":"if","locations":[{"start":{"line":42,"column":6},"end":{"line":47,"column":7}},{"start":{"line":42,"column":6},"end":{"line":47,"column":7}}],"line":42},"4":{"loc":{"start":{"line":43,"column":8},"end":{"line":44,"column":45}},"type":"binary-expr","locations":[{"start":{"line":43,"column":8},"end":{"line":43,"column":50}},{"start":{"line":44,"column":8},"end":{"line":44,"column":45}}],"line":43},"5":{"loc":{"start":{"line":60,"column":6},"end":{"line":62,"column":7}},"type":"if","locations":[{"start":{"line":60,"column":6},"end":{"line":62,"column":7}},{"start":{"line":60,"column":6},"end":{"line":62,"column":7}}],"line":60}},"s":{"0":1,"1":1,"2":1,"3":1,"4":1,"5":3,"6":3,"7":1,"8":1,"9":3,"10":2,"11":2,"12":5,"13":5,"14":4,"15":4,"16":4,"17":2,"18":3,"19":1,"20":1,"21":4,"22":2,"23":1,"24":3,"25":0,"26":0,"27":0,"28":0,"29":0,"30":0,"31":3,"32":0,"33":0,"34":0,"35":0,"36":0,"37":0,"38":0,"39":3,"40":0,"41":0,"42":0,"43":3,"44":0,"45":0,"46":0,"47":0},"f":{"0":3,"1":1,"2":1,"3":2,"4":5,"5":1,"6":4,"7":0,"8":0,"9":0,"10":0,"11":0,"12":0,"13":0,"14":0,"15":0,"16":0,"17":0},"b":{"0":[4,1],"1":[2,2],"2":[4,3],"3":[0,0],"4":[0,0],"5":[0,0]},"_coverageSchema":"1a1c01bbd47fc00a2c39e90264f33305004495a9","hash":"5d3abf4234082bb9da0081882ead64e8e351b6b2"}
,"/Users/mill5935a/Documents/public-api/src/sources/us.js": {"path":"/Users/mill5935a/Documents/public-api/src/sources/us.js","statementMap":{"0":{"start":{"line":1,"column":15},"end":{"line":1,"column":45}},"1":{"start":{"line":2,"column":14},"end":{"line":2,"column":35}},"2":{"start":{"line":3,"column":18},"end":{"line":3,"column":52}},"3":{"start":{"line":4,"column":13},"end":{"line":4,"column":35}},"4":{"start":{"line":6,"column":0},"end":{"line":53,"column":1}},"5":{"start":{"line":7,"column":41},"end":{"line":7,"column":58}},"6":{"start":{"line":9,"column":18},"end":{"line":11,"column":3}},"7":{"start":{"line":10,"column":4},"end":{"line":10,"column":58}},"8":{"start":{"line":10,"column":44},"end":{"line":10,"column":57}},"9":{"start":{"line":13,"column":21},"end":{"line":24,"column":3}},"10":{"start":{"line":14,"column":20},"end":{"line":14,"column":22}},"11":{"start":{"line":15,"column":4},"end":{"line":22,"column":6}},"12":{"start":{"line":16,"column":21},"end":{"line":16,"column":53}},"13":{"start":{"line":17,"column":6},"end":{"line":21,"column":7}},"14":{"start":{"line":18,"column":8},"end":{"line":18,"column":26}},"15":{"start":{"line":19,"column":8},"end":{"line":19,"column":34}},"16":{"start":{"line":20,"column":8},"end":{"line":20,"column":28}},"17":{"start":{"line":23,"column":4},"end":{"line":23,"column":18}},"18":{"start":{"line":26,"column":18},"end":{"line":30,"column":3}},"19":{"start":{"line":27,"column":4},"end":{"line":29,"column":6}},"20":{"start":{"line":28,"column":6},"end":{"line":28,"column":65}},"21":{"start":{"line":32,"column":2},"end":{"line":52,"column":3}},"22":{"start":{"line":36,"column":6},"end":{"line":50,"column":8}},"23":{"start":{"line":37,"column":8},"end":{"line":37,"column":59}},"24":{"start":{"line":38,"column":8},"end":{"line":49,"column":10}},"25":{"start":{"line":39,"column":10},"end":{"line":48,"column":12}},"26":{"start":{"line":44,"column":16},"end":{"line":44,"column":58}}},"fnMap":{"0":{"name":"(anonymous_0)","decl":{"start":{"line":6,"column":17},"end":{"line":6,"column":18}},"loc":{"start":{"line":6,"column":29},"end":{"line":53,"column":1}},"line":6},"1":{"name":"(anonymous_1)","decl":{"start":{"line":9,"column":18},"end":{"line":9,"column":19}},"loc":{"start":{"line":9,"column":24},"end":{"line":11,"column":3}},"line":9},"2":{"name":"(anonymous_2)","decl":{"start":{"line":10,"column":32},"end":{"line":10,"column":33}},"loc":{"start":{"line":10,"column":44},"end":{"line":10,"column":57}},"line":10},"3":{"name":"(anonymous_3)","decl":{"start":{"line":13,"column":21},"end":{"line":13,"column":22}},"loc":{"start":{"line":13,"column":42},"end":{"line":24,"column":3}},"line":13},"4":{"name":"(anonymous_4)","decl":{"start":{"line":15,"column":17},"end":{"line":15,"column":18}},"loc":{"start":{"line":15,"column":26},"end":{"line":22,"column":5}},"line":15},"5":{"name":"(anonymous_5)","decl":{"start":{"line":26,"column":18},"end":{"line":26,"column":19}},"loc":{"start":{"line":26,"column":51},"end":{"line":30,"column":3}},"line":26},"6":{"name":"(anonymous_6)","decl":{"start":{"line":27,"column":17},"end":{"line":27,"column":18}},"loc":{"start":{"line":27,"column":26},"end":{"line":29,"column":5}},"line":27},"7":{"name":"(anonymous_7)","decl":{"start":{"line":35,"column":11},"end":{"line":35,"column":12}},"loc":{"start":{"line":35,"column":17},"end":{"line":51,"column":5}},"line":35},"8":{"name":"(anonymous_8)","decl":{"start":{"line":36,"column":25},"end":{"line":36,"column":26}},"loc":{"start":{"line":36,"column":38},"end":{"line":50,"column":7}},"line":36},"9":{"name":"(anonymous_9)","decl":{"start":{"line":38,"column":23},"end":{"line":38,"column":24}},"loc":{"start":{"line":38,"column":33},"end":{"line":49,"column":9}},"line":38},"10":{"name":"(anonymous_10)","decl":{"start":{"line":43,"column":25},"end":{"line":43,"column":26}},"loc":{"start":{"line":43,"column":58},"end":{"line":45,"column":15}},"line":43}},"branchMap":{"0":{"loc":{"start":{"line":17,"column":6},"end":{"line":21,"column":7}},"type":"if","locations":[{"start":{"line":17,"column":6},"end":{"line":21,"column":7}},{"start":{"line":17,"column":6},"end":{"line":21,"column":7}}],"line":17}},"s":{"0":1,"1":1,"2":1,"3":1,"4":1,"5":2,"6":2,"7":1,"8":1,"9":2,"10":2,"11":2,"12":4,"13":4,"14":3,"15":3,"16":3,"17":2,"18":2,"19":0,"20":0,"21":2,"22":0,"23":0,"24":0,"25":0,"26":0},"f":{"0":2,"1":1,"2":1,"3":2,"4":4,"5":0,"6":0,"7":0,"8":0,"9":0,"10":0},"b":{"0":[3,1]},"_coverageSchema":"1a1c01bbd47fc00a2c39e90264f33305004495a9","hash":"8bd7281dbc710b5a544bd5d77013cb1c9b732880"}
,"/Users/mill5935a/Documents/public-api/src/sources/volunteers.js": {"path":"/Users/mill5935a/Documents/public-api/src/sources/volunteers.js","statementMap":{"0":{"start":{"line":1,"column":22},"end":{"line":1,"column":47}},"1":{"start":{"line":2,"column":18},"end":{"line":2,"column":52}},"2":{"start":{"line":3,"column":15},"end":{"line":3,"column":45}},"3":{"start":{"line":5,"column":0},"end":{"line":81,"column":1}},"4":{"start":{"line":6,"column":46},"end":{"line":6,"column":71}},"5":{"start":{"line":7,"column":17},"end":{"line":7,"column":19}},"6":{"start":{"line":8,"column":24},"end":{"line":8,"column":26}},"7":{"start":{"line":9,"column":25},"end":{"line":9,"column":26}},"8":{"start":{"line":11,"column":22},"end":{"line":13,"column":3}},"9":{"start":{"line":15,"column":26},"end":{"line":45,"column":3}},"10":{"start":{"line":16,"column":4},"end":{"line":18,"column":5}},"11":{"start":{"line":19,"column":4},"end":{"line":44,"column":8}},"12":{"start":{"line":24,"column":8},"end":{"line":35,"column":9}},"13":{"start":{"line":25,"column":29},"end":{"line":25,"column":45}},"14":{"start":{"line":26,"column":10},"end":{"line":34,"column":11}},"15":{"start":{"line":30,"column":30},"end":{"line":30,"column":65}},"16":{"start":{"line":31,"column":12},"end":{"line":33,"column":13}},"17":{"start":{"line":32,"column":14},"end":{"line":32,"column":43}},"18":{"start":{"line":36,"column":8},"end":{"line":36,"column":26}},"19":{"start":{"line":37,"column":8},"end":{"line":39,"column":9}},"20":{"start":{"line":38,"column":10},"end":{"line":38,"column":39}},"21":{"start":{"line":40,"column":8},"end":{"line":40,"column":28}},"22":{"start":{"line":43,"column":8},"end":{"line":43,"column":48}},"23":{"start":{"line":47,"column":19},"end":{"line":62,"column":3}},"24":{"start":{"line":48,"column":4},"end":{"line":48,"column":60}},"25":{"start":{"line":49,"column":4},"end":{"line":61,"column":8}},"26":{"start":{"line":52,"column":8},"end":{"line":55,"column":9}},"27":{"start":{"line":53,"column":10},"end":{"line":53,"column":41}},"28":{"start":{"line":54,"column":10},"end":{"line":54,"column":44}},"29":{"start":{"line":56,"column":8},"end":{"line":56,"column":52}},"30":{"start":{"line":57,"column":8},"end":{"line":59,"column":9}},"31":{"start":{"line":58,"column":10},"end":{"line":58,"column":65}},"32":{"start":{"line":60,"column":8},"end":{"line":60,"column":23}},"33":{"start":{"line":64,"column":2},"end":{"line":80,"column":3}},"34":{"start":{"line":68,"column":6},"end":{"line":78,"column":8}},"35":{"start":{"line":69,"column":8},"end":{"line":69,"column":53}},"36":{"start":{"line":70,"column":8},"end":{"line":77,"column":12}},"37":{"start":{"line":71,"column":27},"end":{"line":71,"column":49}},"38":{"start":{"line":73,"column":12},"end":{"line":76,"column":14}}},"fnMap":{"0":{"name":"(anonymous_0)","decl":{"start":{"line":5,"column":17},"end":{"line":5,"column":18}},"loc":{"start":{"line":5,"column":29},"end":{"line":81,"column":1}},"line":5},"1":{"name":"(anonymous_1)","decl":{"start":{"line":15,"column":26},"end":{"line":15,"column":27}},"loc":{"start":{"line":15,"column":37},"end":{"line":45,"column":3}},"line":15},"2":{"name":"(anonymous_2)","decl":{"start":{"line":23,"column":12},"end":{"line":23,"column":13}},"loc":{"start":{"line":23,"column":26},"end":{"line":41,"column":7}},"line":23},"3":{"name":"(anonymous_3)","decl":{"start":{"line":42,"column":13},"end":{"line":42,"column":14}},"loc":{"start":{"line":42,"column":24},"end":{"line":44,"column":7}},"line":42},"4":{"name":"(anonymous_4)","decl":{"start":{"line":47,"column":19},"end":{"line":47,"column":20}},"loc":{"start":{"line":47,"column":31},"end":{"line":62,"column":3}},"line":47},"5":{"name":"(anonymous_5)","decl":{"start":{"line":51,"column":12},"end":{"line":51,"column":13}},"loc":{"start":{"line":51,"column":26},"end":{"line":61,"column":7}},"line":51},"6":{"name":"(anonymous_6)","decl":{"start":{"line":67,"column":11},"end":{"line":67,"column":12}},"loc":{"start":{"line":67,"column":17},"end":{"line":79,"column":5}},"line":67},"7":{"name":"(anonymous_7)","decl":{"start":{"line":68,"column":25},"end":{"line":68,"column":26}},"loc":{"start":{"line":68,"column":46},"end":{"line":78,"column":7}},"line":68},"8":{"name":"(anonymous_8)","decl":{"start":{"line":71,"column":16},"end":{"line":71,"column":17}},"loc":{"start":{"line":71,"column":27},"end":{"line":71,"column":49}},"line":71},"9":{"name":"(anonymous_9)","decl":{"start":{"line":72,"column":16},"end":{"line":72,"column":17}},"loc":{"start":{"line":72,"column":32},"end":{"line":77,"column":11}},"line":72}},"branchMap":{"0":{"loc":{"start":{"line":12,"column":4},"end":{"line":12,"column":49}},"type":"binary-expr","locations":[{"start":{"line":12,"column":4},"end":{"line":12,"column":22}},{"start":{"line":12,"column":26},"end":{"line":12,"column":49}}],"line":12},"1":{"loc":{"start":{"line":24,"column":8},"end":{"line":35,"column":9}},"type":"if","locations":[{"start":{"line":24,"column":8},"end":{"line":35,"column":9}},{"start":{"line":24,"column":8},"end":{"line":35,"column":9}}],"line":24},"2":{"loc":{"start":{"line":24,"column":12},"end":{"line":24,"column":55}},"type":"binary-expr","locations":[{"start":{"line":24,"column":12},"end":{"line":24,"column":28}},{"start":{"line":24,"column":32},"end":{"line":24,"column":55}}],"line":24},"3":{"loc":{"start":{"line":26,"column":10},"end":{"line":34,"column":11}},"type":"if","locations":[{"start":{"line":26,"column":10},"end":{"line":34,"column":11}},{"start":{"line":26,"column":10},"end":{"line":34,"column":11}}],"line":26},"4":{"loc":{"start":{"line":27,"column":12},"end":{"line":28,"column":66}},"type":"binary-expr","locations":[{"start":{"line":27,"column":12},"end":{"line":27,"column":38}},{"start":{"line":28,"column":12},"end":{"line":28,"column":66}}],"line":27},"5":{"loc":{"start":{"line":31,"column":12},"end":{"line":33,"column":13}},"type":"if","locations":[{"start":{"line":31,"column":12},"end":{"line":33,"column":13}},{"start":{"line":31,"column":12},"end":{"line":33,"column":13}}],"line":31},"6":{"loc":{"start":{"line":37,"column":8},"end":{"line":39,"column":9}},"type":"if","locations":[{"start":{"line":37,"column":8},"end":{"line":39,"column":9}},{"start":{"line":37,"column":8},"end":{"line":39,"column":9}}],"line":37},"7":{"loc":{"start":{"line":52,"column":8},"end":{"line":55,"column":9}},"type":"if","locations":[{"start":{"line":52,"column":8},"end":{"line":55,"column":9}},{"start":{"line":52,"column":8},"end":{"line":55,"column":9}}],"line":52},"8":{"loc":{"start":{"line":57,"column":8},"end":{"line":59,"column":9}},"type":"if","locations":[{"start":{"line":57,"column":8},"end":{"line":59,"column":9}},{"start":{"line":57,"column":8},"end":{"line":59,"column":9}}],"line":57}},"s":{"0":1,"1":1,"2":1,"3":1,"4":2,"5":2,"6":2,"7":2,"8":2,"9":2,"10":2,"11":2,"12":2,"13":2,"14":2,"15":1,"16":1,"17":1,"18":2,"19":2,"20":1,"21":1,"22":0,"23":2,"24":1,"25":1,"26":1,"27":0,"28":0,"29":1,"30":1,"31":0,"32":1,"33":2,"34":0,"35":0,"36":0,"37":0,"38":0},"f":{"0":2,"1":2,"2":2,"3":0,"4":1,"5":1,"6":0,"7":0,"8":0,"9":0},"b":{"0":[2,2],"1":[2,0],"2":[2,2],"3":[1,1],"4":[2,2],"5":[1,0],"6":[1,1],"7":[0,1],"8":[0,1]},"_coverageSchema":"1a1c01bbd47fc00a2c39e90264f33305004495a9","hash":"46ae5c2f26445ca0447f4acde4e1fdab5e1fd1c1"}
,"/Users/mill5935a/Documents/public-api/src/utilities/logger.js": {"path":"/Users/mill5935a/Documents/public-api/src/utilities/logger.js","statementMap":{"0":{"start":{"line":1,"column":14},"end":{"line":1,"column":30}},"1":{"start":{"line":3,"column":0},"end":{"line":21,"column":1}},"2":{"start":{"line":5,"column":4},"end":{"line":5,"column":54}},"3":{"start":{"line":9,"column":4},"end":{"line":9,"column":52}},"4":{"start":{"line":13,"column":4},"end":{"line":13,"column":56}},"5":{"start":{"line":17,"column":4},"end":{"line":19,"column":5}},"6":{"start":{"line":18,"column":6},"end":{"line":18,"column":55}}},"fnMap":{"0":{"name":"(anonymous_0)","decl":{"start":{"line":4,"column":9},"end":{"line":4,"column":10}},"loc":{"start":{"line":4,"column":22},"end":{"line":6,"column":3}},"line":4},"1":{"name":"(anonymous_1)","decl":{"start":{"line":8,"column":8},"end":{"line":8,"column":9}},"loc":{"start":{"line":8,"column":21},"end":{"line":10,"column":3}},"line":8},"2":{"name":"(anonymous_2)","decl":{"start":{"line":12,"column":11},"end":{"line":12,"column":12}},"loc":{"start":{"line":12,"column":24},"end":{"line":14,"column":3}},"line":12},"3":{"name":"(anonymous_3)","decl":{"start":{"line":16,"column":9},"end":{"line":16,"column":10}},"loc":{"start":{"line":16,"column":22},"end":{"line":20,"column":3}},"line":16}},"branchMap":{"0":{"loc":{"start":{"line":17,"column":4},"end":{"line":19,"column":5}},"type":"if","locations":[{"start":{"line":17,"column":4},"end":{"line":19,"column":5}},{"start":{"line":17,"column":4},"end":{"line":19,"column":5}}],"line":17}},"s":{"0":8,"1":8,"2":1,"3":5,"4":1,"5":9,"6":1},"f":{"0":1,"1":5,"2":1,"3":9},"b":{"0":[1,8]},"_coverageSchema":"1a1c01bbd47fc00a2c39e90264f33305004495a9","hash":"c3f558b08a4156c5b6764be06c71f2b5b445f3ae"}
,"/Users/mill5935a/Documents/public-api/src/utilities/map-fields.js": {"path":"/Users/mill5935a/Documents/public-api/src/utilities/map-fields.js","statementMap":{"0":{"start":{"line":1,"column":20},"end":{"line":9,"column":1}},"1":{"start":{"line":2,"column":2},"end":{"line":4,"column":3}},"2":{"start":{"line":3,"column":4},"end":{"line":3,"column":16}},"3":{"start":{"line":5,"column":2},"end":{"line":7,"column":3}},"4":{"start":{"line":6,"column":4},"end":{"line":6,"column":30}},"5":{"start":{"line":8,"column":2},"end":{"line":8,"column":14}},"6":{"start":{"line":11,"column":0},"end":{"line":41,"column":1}},"7":{"start":{"line":12,"column":17},"end":{"line":12,"column":19}},"8":{"start":{"line":13,"column":24},"end":{"line":13,"column":29}},"9":{"start":{"line":14,"column":2},"end":{"line":33,"column":4}},"10":{"start":{"line":15,"column":4},"end":{"line":17,"column":5}},"11":{"start":{"line":16,"column":6},"end":{"line":16,"column":12}},"12":{"start":{"line":18,"column":4},"end":{"line":26,"column":6}},"13":{"start":{"line":19,"column":6},"end":{"line":25,"column":7}},"14":{"start":{"line":20,"column":22},"end":{"line":20,"column":32}},"15":{"start":{"line":22,"column":8},"end":{"line":24,"column":36}},"16":{"start":{"line":27,"column":4},"end":{"line":29,"column":5}},"17":{"start":{"line":28,"column":6},"end":{"line":28,"column":28}},"18":{"start":{"line":30,"column":4},"end":{"line":32,"column":5}},"19":{"start":{"line":31,"column":6},"end":{"line":31,"column":32}},"20":{"start":{"line":35,"column":2},"end":{"line":39,"column":4}},"21":{"start":{"line":36,"column":4},"end":{"line":38,"column":5}},"22":{"start":{"line":37,"column":6},"end":{"line":37,"column":55}},"23":{"start":{"line":40,"column":2},"end":{"line":40,"column":41}}},"fnMap":{"0":{"name":"(anonymous_0)","decl":{"start":{"line":1,"column":20},"end":{"line":1,"column":21}},"loc":{"start":{"line":1,"column":37},"end":{"line":9,"column":1}},"line":1},"1":{"name":"(anonymous_1)","decl":{"start":{"line":11,"column":17},"end":{"line":11,"column":18}},"loc":{"start":{"line":11,"column":33},"end":{"line":41,"column":1}},"line":11},"2":{"name":"(anonymous_2)","decl":{"start":{"line":14,"column":15},"end":{"line":14,"column":16}},"loc":{"start":{"line":14,"column":25},"end":{"line":33,"column":3}},"line":14},"3":{"name":"(anonymous_3)","decl":{"start":{"line":18,"column":30},"end":{"line":18,"column":31}},"loc":{"start":{"line":18,"column":40},"end":{"line":26,"column":5}},"line":18},"4":{"name":"(anonymous_4)","decl":{"start":{"line":35,"column":15},"end":{"line":35,"column":16}},"loc":{"start":{"line":35,"column":25},"end":{"line":39,"column":3}},"line":35}},"branchMap":{"0":{"loc":{"start":{"line":2,"column":2},"end":{"line":4,"column":3}},"type":"if","locations":[{"start":{"line":2,"column":2},"end":{"line":4,"column":3}},{"start":{"line":2,"column":2},"end":{"line":4,"column":3}}],"line":2},"1":{"loc":{"start":{"line":5,"column":2},"end":{"line":7,"column":3}},"type":"if","locations":[{"start":{"line":5,"column":2},"end":{"line":7,"column":3}},{"start":{"line":5,"column":2},"end":{"line":7,"column":3}}],"line":5},"2":{"loc":{"start":{"line":15,"column":4},"end":{"line":17,"column":5}},"type":"if","locations":[{"start":{"line":15,"column":4},"end":{"line":17,"column":5}},{"start":{"line":15,"column":4},"end":{"line":17,"column":5}}],"line":15},"3":{"loc":{"start":{"line":19,"column":6},"end":{"line":25,"column":7}},"type":"if","locations":[{"start":{"line":19,"column":6},"end":{"line":25,"column":7}},{"start":{"line":19,"column":6},"end":{"line":25,"column":7}}],"line":19},"4":{"loc":{"start":{"line":22,"column":30},"end":{"line":24,"column":36}},"type":"cond-expr","locations":[{"start":{"line":23,"column":12},"end":{"line":23,"column":30}},{"start":{"line":24,"column":12},"end":{"line":24,"column":36}}],"line":22},"5":{"loc":{"start":{"line":27,"column":4},"end":{"line":29,"column":5}},"type":"if","locations":[{"start":{"line":27,"column":4},"end":{"line":29,"column":5}},{"start":{"line":27,"column":4},"end":{"line":29,"column":5}}],"line":27},"6":{"loc":{"start":{"line":27,"column":8},"end":{"line":27,"column":46}},"type":"binary-expr","locations":[{"start":{"line":27,"column":8},"end":{"line":27,"column":22}},{"start":{"line":27,"column":26},"end":{"line":27,"column":46}}],"line":27},"7":{"loc":{"start":{"line":30,"column":4},"end":{"line":32,"column":5}},"type":"if","locations":[{"start":{"line":30,"column":4},"end":{"line":32,"column":5}},{"start":{"line":30,"column":4},"end":{"line":32,"column":5}}],"line":30},"8":{"loc":{"start":{"line":30,"column":8},"end":{"line":30,"column":45}},"type":"binary-expr","locations":[{"start":{"line":30,"column":8},"end":{"line":30,"column":21}},{"start":{"line":30,"column":25},"end":{"line":30,"column":45}}],"line":30},"9":{"loc":{"start":{"line":36,"column":4},"end":{"line":38,"column":5}},"type":"if","locations":[{"start":{"line":36,"column":4},"end":{"line":38,"column":5}},{"start":{"line":36,"column":4},"end":{"line":38,"column":5}}],"line":36},"10":{"loc":{"start":{"line":40,"column":9},"end":{"line":40,"column":41}},"type":"cond-expr","locations":[{"start":{"line":40,"column":27},"end":{"line":40,"column":32}},{"start":{"line":40,"column":35},"end":{"line":40,"column":41}}],"line":40}},"s":{"0":7,"1":252,"2":4,"3":248,"4":71,"5":177,"6":7,"7":26,"8":26,"9":26,"10":350,"11":5,"12":345,"13":5649,"14":261,"15":261,"16":345,"17":23,"18":345,"19":108,"20":26,"21":350,"22":5,"23":26},"f":{"0":252,"1":26,"2":350,"3":5649,"4":350},"b":{"0":[4,248],"1":[71,177],"2":[5,345],"3":[261,5388],"4":[9,252],"5":[23,322],"6":[345,92],"7":[108,237],"8":[345,253],"9":[5,345],"10":[7,19]},"_coverageSchema":"1a1c01bbd47fc00a2c39e90264f33305004495a9","hash":"54066916324f4db83ca786b0e7766c3c42d3b66a"}
}
