TN:
SF:src/write-file.js
FN:1,(anonymous_0)
FNF:1
FNH:0
FNDA:0,(anonymous_0)
DA:1,0
DA:2,0
DA:3,0
LF:3
LH:0
BRF:0
BRH:0
end_of_record
TN:
SF:src/output/files.js
FN:5,(anonymous_0)
FN:6,(anonymous_1)
FN:10,(anonymous_2)
FN:34,(anonymous_3)
FN:42,(anonymous_4)
FNF:5
FNH:0
FNDA:0,(anonymous_0)
FNDA:0,(anonymous_1)
FNDA:0,(anonymous_2)
FNDA:0,(anonymous_3)
FNDA:0,(anonymous_4)
DA:1,0
DA:2,0
DA:3,0
DA:5,0
DA:6,0
DA:7,0
DA:8,0
DA:9,0
DA:10,0
DA:16,0
DA:22,0
DA:23,0
DA:26,0
DA:27,0
DA:28,0
DA:31,0
DA:33,0
DA:34,0
DA:35,0
DA:36,0
DA:39,0
DA:43,0
LF:22
LH:0
BRDA:8,0,0,0
BRDA:8,0,1,0
BRDA:26,1,0,0
BRDA:26,1,1,0
BRDA:33,2,0,0
BRDA:33,2,1,0
BRDA:35,3,0,0
BRDA:35,3,1,0
BRF:8
BRH:0
end_of_record
TN:
SF:src/output/graphql.js
FN:3,(anonymous_0)
FN:5,(anonymous_1)
FN:10,(anonymous_2)
FN:24,(anonymous_3)
FNF:4
FNH:4
FNDA:3,(anonymous_0)
FNDA:10,(anonymous_1)
FNDA:89,(anonymous_2)
FNDA:2,(anonymous_3)
DA:1,2
DA:3,2
DA:4,3
DA:5,3
DA:6,10
DA:8,10
DA:10,10
DA:11,89
DA:12,89
DA:15,10
DA:19,9
DA:22,3
DA:25,2
LF:13
LH:13
BRF:0
BRH:0
end_of_record
TN:
SF:src/output/openapi.js
FN:1,(anonymous_0)
FN:10,(anonymous_1)
FN:40,(anonymous_2)
FN:45,(anonymous_3)
FN:56,(anonymous_4)
FN:64,(anonymous_5)
FN:76,(anonymous_6)
FNF:7
FNH:7
FNDA:6,(anonymous_0)
FNDA:19,(anonymous_1)
FNDA:10,(anonymous_2)
FNDA:91,(anonymous_3)
FNDA:9,(anonymous_4)
FNDA:9,(anonymous_5)
FNDA:5,(anonymous_6)
DA:1,2
DA:2,6
DA:10,6
DA:11,19
DA:12,19
DA:20,19
DA:21,19
DA:23,19
DA:40,6
DA:41,10
DA:45,10
DA:46,91
DA:53,10
DA:56,6
DA:57,9
DA:60,9
DA:63,9
DA:64,5
DA:65,9
DA:72,6
DA:77,5
LF:21
LH:21
BRDA:33,0,0,5
BRDA:33,0,1,14
BRDA:50,1,0,44
BRDA:50,1,1,47
BRDA:63,2,0,5
BRDA:63,2,1,4
BRF:6
BRH:6
end_of_record
TN:
SF:src/run/index.js
FN:7,(anonymous_0)
FN:8,(anonymous_1)
FN:9,(anonymous_2)
FNF:3
FNH:0
FNDA:0,(anonymous_0)
FNDA:0,(anonymous_1)
FNDA:0,(anonymous_2)
DA:1,0
DA:2,0
DA:3,0
DA:5,0
DA:6,0
DA:7,0
DA:8,0
DA:9,0
DA:10,0
DA:11,0
DA:12,0
DA:13,0
LF:12
LH:0
BRF:0
BRH:0
end_of_record
TN:
SF:src/sources/cdc-tests.js
FN:5,(anonymous_0)
FN:10,(anonymous_1)
FN:13,(anonymous_2)
FN:17,(anonymous_3)
FN:20,(anonymous_4)
FN:22,(anonymous_5)
FN:33,(anonymous_6)
FN:34,(anonymous_7)
FN:37,(anonymous_8)
FNF:9
FNH:9
FNDA:2,(anonymous_0)
FNDA:1,(anonymous_1)
FNDA:1,(anonymous_2)
FNDA:1,(anonymous_3)
FNDA:3,(anonymous_4)
FNDA:3,(anonymous_5)
FNDA:1,(anonymous_6)
FNDA:1,(anonymous_7)
FNDA:1,(anonymous_8)
DA:1,1
DA:2,1
DA:3,1
DA:5,1
DA:6,2
DA:8,2
DA:10,2
DA:11,1
DA:14,1
DA:15,1
DA:17,1
DA:20,2
DA:21,3
DA:22,3
DA:23,3
DA:24,3
DA:25,2
DA:28,3
DA:31,2
DA:34,1
DA:35,1
DA:36,1
DA:37,1
DA:38,1
LF:24
LH:24
BRDA:24,0,0,2
BRDA:24,0,1,1
BRF:2
BRH:2
end_of_record
TN:
SF:src/sources/index.js
FN:13,(anonymous_0)
FN:19,(anonymous_1)
FNF:2
FNH:0
FNDA:0,(anonymous_0)
FNDA:0,(anonymous_1)
DA:1,0
DA:3,0
DA:13,0
DA:14,0
DA:15,0
DA:16,0
DA:17,0
DA:19,0
DA:20,0
DA:22,0
LF:10
LH:0
BRDA:15,0,0,0
BRDA:15,0,1,0
BRF:2
BRH:0
end_of_record
TN:
SF:src/sources/press.js
FN:5,(anonymous_0)
FN:10,(anonymous_1)
FN:13,(anonymous_2)
FN:17,(anonymous_3)
FN:20,(anonymous_4)
FN:22,(anonymous_5)
FN:33,(anonymous_6)
FN:34,(anonymous_7)
FN:37,(anonymous_8)
FNF:9
FNH:9
FNDA:2,(anonymous_0)
FNDA:1,(anonymous_1)
FNDA:1,(anonymous_2)
FNDA:1,(anonymous_3)
FNDA:3,(anonymous_4)
FNDA:3,(anonymous_5)
FNDA:1,(anonymous_6)
FNDA:1,(anonymous_7)
FNDA:1,(anonymous_8)
DA:1,1
DA:2,1
DA:3,1
DA:5,1
DA:6,2
DA:8,2
DA:10,2
DA:11,1
DA:14,1
DA:15,1
DA:17,1
DA:20,2
DA:21,3
DA:22,3
DA:23,3
DA:24,3
DA:25,2
DA:28,3
DA:31,2
DA:34,1
DA:35,1
DA:36,1
DA:37,1
DA:38,1
LF:24
LH:24
BRDA:24,0,0,2
BRDA:24,0,1,1
BRF:2
BRH:2
end_of_record
TN:
SF:src/sources/screenshots.js
FN:6,(anonymous_0)
FN:10,(anonymous_1)
FN:11,(anonymous_2)
FN:20,(anonymous_3)
FN:30,(anonymous_4)
FN:42,(anonymous_5)
FN:51,(anonymous_6)
FN:65,(anonymous_7)
FN:88,(anonymous_8)
FN:100,(anonymous_9)
FN:106,(anonymous_10)
FN:107,(anonymous_11)
FN:108,(anonymous_12)
FN:112,(anonymous_13)
FN:134,(anonymous_14)
FN:138,(anonymous_15)
FN:139,(anonymous_16)
FN:141,(anonymous_17)
FNF:18
FNH:18
FNDA:7,(anonymous_0)
FNDA:3,(anonymous_1)
FNDA:3,(anonymous_2)
FNDA:2005,(anonymous_3)
FNDA:2007,(anonymous_4)
FNDA:2006,(anonymous_5)
FNDA:2004,(anonymous_6)
FNDA:2004,(anonymous_7)
FNDA:2002,(anonymous_8)
FNDA:2,(anonymous_9)
FNDA:2,(anonymous_10)
FNDA:2,(anonymous_11)
FNDA:2,(anonymous_12)
FNDA:2000,(anonymous_13)
FNDA:2,(anonymous_14)
FNDA:1,(anonymous_15)
FNDA:1,(anonymous_16)
FNDA:1,(anonymous_17)
DA:1,1
DA:2,1
DA:3,1
DA:4,1
DA:6,1
DA:7,7
DA:8,7
DA:10,7
DA:11,3
DA:12,3
DA:13,3
DA:15,0
DA:20,7
DA:21,2005
DA:25,2
DA:27,2003
DA:30,7
DA:31,2007
DA:32,2007
DA:33,2007
DA:34,1
DA:35,1
DA:37,2006
DA:39,2006
DA:42,7
DA:43,2006
DA:44,2006
DA:45,1
DA:46,1
DA:48,2005
DA:51,7
DA:52,2004
DA:53,0
DA:54,0
DA:56,2004
DA:57,1
DA:60,1
DA:62,2003
DA:65,7
DA:66,2004
DA:67,2004
DA:68,2004
DA:69,2004
DA:70,2004
DA:71,1
DA:73,2003
DA:74,2003
DA:82,2003
DA:83,0
DA:85,2003
DA:88,7
DA:89,2002
DA:90,3
DA:92,1999
DA:93,1999
DA:94,1999
DA:95,1999
DA:97,0
DA:100,7
DA:101,2
DA:104,2
DA:105,2
DA:106,2
DA:107,2
DA:109,2
DA:110,0
DA:112,2
DA:113,2000
DA:115,2
DA:116,1
DA:121,1
DA:125,7
DA:135,2
DA:139,1
DA:140,1
DA:141,1
DA:142,1
DA:143,1
LF:78
LH:72
BRDA:21,0,0,2
BRDA:21,0,1,2003
BRDA:22,1,0,2005
BRDA:22,1,1,2003
BRDA:27,2,0,2003
BRDA:27,2,1,2001
BRDA:33,3,0,1
BRDA:33,3,1,2006
BRDA:33,4,0,2007
BRDA:33,4,1,2006
BRDA:44,5,0,1
BRDA:44,5,1,2005
BRDA:52,6,0,0
BRDA:52,6,1,2004
BRDA:52,7,0,2004
BRDA:52,7,1,2004
BRDA:56,8,0,1
BRDA:56,8,1,2003
BRDA:56,9,0,2004
BRDA:56,9,1,621
BRDA:70,10,0,1
BRDA:70,10,1,2003
BRDA:82,11,0,0
BRDA:82,11,1,2003
BRDA:82,12,0,2003
BRDA:82,12,1,2003
BRDA:82,12,2,2003
BRDA:89,13,0,3
BRDA:89,13,1,1999
BRDA:93,14,0,1999
BRDA:93,14,1,0
BRDA:100,15,0,1
BRDA:102,16,0,1
BRDA:102,16,1,1
BRDA:109,17,0,0
BRDA:109,17,1,2
BRDA:115,18,0,1
BRDA:115,18,1,1
BRF:38
BRH:34
end_of_record
TN:
SF:src/sources/states-info.js
FN:6,(anonymous_0)
FN:9,(anonymous_1)
FN:10,(anonymous_2)
FN:13,(anonymous_3)
FN:15,(anonymous_4)
FN:24,(anonymous_5)
FN:25,(anonymous_6)
FN:36,(anonymous_7)
FN:37,(anonymous_8)
FN:39,(anonymous_9)
FNF:10
FNH:5
FNDA:2,(anonymous_0)
FNDA:1,(anonymous_1)
FNDA:1,(anonymous_2)
FNDA:2,(anonymous_3)
FNDA:5,(anonymous_4)
FNDA:0,(anonymous_5)
FNDA:0,(anonymous_6)
FNDA:0,(anonymous_7)
FNDA:0,(anonymous_8)
FNDA:0,(anonymous_9)
DA:1,1
DA:2,1
DA:3,1
DA:4,1
DA:6,1
DA:7,2
DA:9,2
DA:10,1
DA:13,2
DA:14,2
DA:15,2
DA:16,5
DA:17,5
DA:18,3
DA:21,2
DA:24,2
DA:25,0
DA:26,0
DA:33,2
DA:37,0
DA:38,0
DA:39,0
DA:40,0
LF:23
LH:17
BRDA:17,0,0,3
BRDA:17,0,1,2
BRF:2
BRH:2
end_of_record
TN:
SF:src/sources/states.js
FN:6,(anonymous_0)
FN:9,(anonymous_1)
FN:10,(anonymous_2)
FN:13,(anonymous_3)
FN:15,(anonymous_4)
FN:26,(anonymous_5)
FN:28,(anonymous_6)
FN:39,(anonymous_7)
FN:41,(anonymous_8)
FN:49,(anonymous_9)
FN:57,(anonymous_10)
FN:59,(anonymous_11)
FN:65,(anonymous_12)
FN:73,(anonymous_13)
FN:75,(anonymous_14)
FN:89,(anonymous_15)
FN:90,(anonymous_16)
FN:92,(anonymous_17)
FNF:18
FNH:7
FNDA:3,(anonymous_0)
FNDA:1,(anonymous_1)
FNDA:1,(anonymous_2)
FNDA:2,(anonymous_3)
FNDA:5,(anonymous_4)
FNDA:1,(anonymous_5)
FNDA:4,(anonymous_6)
FNDA:0,(anonymous_7)
FNDA:0,(anonymous_8)
FNDA:0,(anonymous_9)
FNDA:0,(anonymous_10)
FNDA:0,(anonymous_11)
FNDA:0,(anonymous_12)
FNDA:0,(anonymous_13)
FNDA:0,(anonymous_14)
FNDA:0,(anonymous_15)
FNDA:0,(anonymous_16)
FNDA:0,(anonymous_17)
DA:1,1
DA:2,1
DA:3,1
DA:4,1
DA:6,1
DA:7,3
DA:9,3
DA:10,1
DA:13,3
DA:14,2
DA:15,2
DA:16,5
DA:17,5
DA:18,4
DA:19,4
DA:20,4
DA:23,2
DA:26,3
DA:27,1
DA:28,1
DA:29,4
DA:33,2
DA:36,1
DA:39,3
DA:40,0
DA:41,0
DA:42,0
DA:46,0
DA:49,0
DA:50,0
DA:57,3
DA:58,0
DA:59,0
DA:60,0
DA:61,0
DA:63,0
DA:65,0
DA:66,0
DA:73,3
DA:74,0
DA:75,0
DA:76,0
DA:85,3
DA:90,0
DA:91,0
DA:92,0
DA:93,0
LF:47
LH:27
BRDA:17,0,0,4
BRDA:17,0,1,1
BRDA:29,1,0,2
BRDA:29,1,1,2
BRDA:30,2,0,4
BRDA:30,2,1,3
BRDA:42,3,0,0
BRDA:42,3,1,0
BRDA:43,4,0,0
BRDA:43,4,1,0
BRDA:60,5,0,0
BRDA:60,5,1,0
BRF:12
BRH:6
end_of_record
TN:
SF:src/sources/us.js
FN:6,(anonymous_0)
FN:9,(anonymous_1)
FN:10,(anonymous_2)
FN:13,(anonymous_3)
FN:15,(anonymous_4)
FN:26,(anonymous_5)
FN:27,(anonymous_6)
FN:35,(anonymous_7)
FN:36,(anonymous_8)
FN:38,(anonymous_9)
FN:43,(anonymous_10)
FNF:11
FNH:5
FNDA:2,(anonymous_0)
FNDA:1,(anonymous_1)
FNDA:1,(anonymous_2)
FNDA:2,(anonymous_3)
FNDA:4,(anonymous_4)
FNDA:0,(anonymous_5)
FNDA:0,(anonymous_6)
FNDA:0,(anonymous_7)
FNDA:0,(anonymous_8)
FNDA:0,(anonymous_9)
FNDA:0,(anonymous_10)
DA:1,1
DA:2,1
DA:3,1
DA:4,1
DA:6,1
DA:7,2
DA:9,2
DA:10,1
DA:13,2
DA:14,2
DA:15,2
DA:16,4
DA:17,4
DA:18,3
DA:19,3
DA:20,3
DA:23,2
DA:26,2
DA:27,0
DA:28,0
DA:32,2
DA:36,0
DA:37,0
DA:38,0
DA:39,0
DA:44,0
LF:26
LH:19
BRDA:17,0,0,3
BRDA:17,0,1,1
BRF:2
BRH:2
end_of_record
TN:
SF:src/sources/volunteers.js
FN:5,(anonymous_0)
FN:15,(anonymous_1)
FN:23,(anonymous_2)
FN:42,(anonymous_3)
FN:47,(anonymous_4)
FN:51,(anonymous_5)
FN:67,(anonymous_6)
FN:68,(anonymous_7)
FN:71,(anonymous_8)
FN:72,(anonymous_9)
FNF:10
FNH:5
FNDA:2,(anonymous_0)
FNDA:2,(anonymous_1)
FNDA:2,(anonymous_2)
FNDA:0,(anonymous_3)
FNDA:1,(anonymous_4)
FNDA:1,(anonymous_5)
FNDA:0,(anonymous_6)
FNDA:0,(anonymous_7)
FNDA:0,(anonymous_8)
FNDA:0,(anonymous_9)
DA:1,1
DA:2,1
DA:3,1
DA:5,1
DA:6,2
DA:7,2
DA:8,2
DA:9,2
DA:11,2
DA:15,2
DA:16,2
DA:19,2
DA:24,2
DA:25,2
DA:26,2
DA:30,1
DA:31,1
DA:32,1
DA:36,2
DA:37,2
DA:38,1
DA:40,1
DA:43,0
DA:47,2
DA:48,1
DA:49,1
DA:52,1
DA:53,0
DA:54,0
DA:56,1
DA:57,1
DA:58,0
DA:60,1
DA:64,2
DA:68,0
DA:69,0
DA:70,0
DA:71,0
DA:73,0
LF:39
LH:30
BRDA:12,0,0,2
BRDA:12,0,1,2
BRDA:24,1,0,2
BRDA:24,1,1,0
BRDA:24,2,0,2
BRDA:24,2,1,2
BRDA:26,3,0,1
BRDA:26,3,1,1
BRDA:27,4,0,2
BRDA:27,4,1,2
BRDA:31,5,0,1
BRDA:31,5,1,0
BRDA:37,6,0,1
BRDA:37,6,1,1
BRDA:52,7,0,0
BRDA:52,7,1,1
BRDA:57,8,0,0
BRDA:57,8,1,1
BRF:18
BRH:14
end_of_record
TN:
SF:src/utilities/logger.js
FN:4,(anonymous_0)
FN:8,(anonymous_1)
FN:12,(anonymous_2)
FN:16,(anonymous_3)
FNF:4
FNH:4
FNDA:1,(anonymous_0)
FNDA:5,(anonymous_1)
FNDA:1,(anonymous_2)
FNDA:9,(anonymous_3)
DA:1,8
DA:3,8
DA:5,1
DA:9,5
DA:13,1
DA:17,9
DA:18,1
LF:7
LH:7
BRDA:17,0,0,1
BRDA:17,0,1,8
BRF:2
BRH:2
end_of_record
TN:
SF:src/utilities/map-fields.js
FN:1,(anonymous_0)
FN:11,(anonymous_1)
FN:14,(anonymous_2)
FN:18,(anonymous_3)
FN:35,(anonymous_4)
FNF:5
FNH:5
FNDA:252,(anonymous_0)
FNDA:26,(anonymous_1)
FNDA:350,(anonymous_2)
FNDA:5649,(anonymous_3)
FNDA:350,(anonymous_4)
DA:1,7
DA:2,252
DA:3,4
DA:5,248
DA:6,71
DA:8,177
DA:11,7
DA:12,26
DA:13,26
DA:14,26
DA:15,350
DA:16,5
DA:18,345
DA:19,5649
DA:20,261
DA:22,261
DA:27,345
DA:28,23
DA:30,345
DA:31,108
DA:35,26
DA:36,350
DA:37,5
DA:40,26
LF:24
LH:24
BRDA:2,0,0,4
BRDA:2,0,1,248
BRDA:5,1,0,71
BRDA:5,1,1,177
BRDA:15,2,0,5
BRDA:15,2,1,345
BRDA:19,3,0,261
BRDA:19,3,1,5388
BRDA:22,4,0,9
BRDA:22,4,1,252
BRDA:27,5,0,23
BRDA:27,5,1,322
BRDA:27,6,0,345
BRDA:27,6,1,92
BRDA:30,7,0,108
BRDA:30,7,1,237
BRDA:30,8,0,345
BRDA:30,8,1,253
BRDA:36,9,0,5
BRDA:36,9,1,345
BRDA:40,10,0,7
BRDA:40,10,1,19
BRF:22
BRH:22
end_of_record
